2026-01-18 23:27:44.896 +02:00 [INF] User profile is available. Using 'C:\Users\user1\AppData\Local\ASP.NET\DataProtection-Keys' as key repository and Windows DPAPI to encrypt keys at rest.
2026-01-18 23:27:46.324 +02:00 [INF] Now listening on: https://localhost:7097
2026-01-18 23:27:46.326 +02:00 [INF] Now listening on: http://localhost:5125
2026-01-18 23:27:48.011 +02:00 [INF] Application started. Press Ctrl+C to shut down.
2026-01-18 23:27:48.020 +02:00 [INF] Hosting environment: Development
2026-01-18 23:27:48.020 +02:00 [INF] Content root path: C:\לימודים\יד\project api-angular\projectApiAngular1
2026-01-18 23:27:52.179 +02:00 [INF] Request starting HTTP/2 GET https://localhost:7097/swagger/index.html - null null
2026-01-18 23:27:54.516 +02:00 [INF] Incoming Request: GET /swagger/index.html
2026-01-18 23:27:55.744 +02:00 [INF] Completed GET /swagger/index.html responded 200 in 1246ms
2026-01-18 23:27:55.846 +02:00 [INF] Request starting HTTP/2 GET https://localhost:7097/_vs/browserLink - null null
2026-01-18 23:27:55.835 +02:00 [INF] Request starting HTTP/2 GET https://localhost:7097/_framework/aspnetcore-browser-refresh.js - null null
2026-01-18 23:27:56.015 +02:00 [INF] Request finished HTTP/2 GET https://localhost:7097/swagger/index.html - 200 null text/html;charset=utf-8 3885.6434ms
2026-01-18 23:27:56.262 +02:00 [INF] Request finished HTTP/2 GET https://localhost:7097/_framework/aspnetcore-browser-refresh.js - 200 16519 application/javascript; charset=utf-8 426.7827ms
2026-01-18 23:27:56.666 +02:00 [INF] Request finished HTTP/2 GET https://localhost:7097/_vs/browserLink - 200 null text/javascript; charset=UTF-8 821.0788ms
2026-01-18 23:28:02.341 +02:00 [INF] Request starting HTTP/2 GET https://localhost:7097/swagger/v1/swagger.json - null null
2026-01-18 23:28:02.342 +02:00 [INF] Incoming Request: GET /swagger/v1/swagger.json
2026-01-18 23:28:02.381 +02:00 [INF] Completed GET /swagger/v1/swagger.json responded 200 in 38ms
2026-01-18 23:28:02.381 +02:00 [INF] Request finished HTTP/2 GET https://localhost:7097/swagger/v1/swagger.json - 200 null application/json;charset=utf-8 40.1078ms
2026-01-18 23:28:17.790 +02:00 [INF] User profile is available. Using 'C:\Users\user1\AppData\Local\ASP.NET\DataProtection-Keys' as key repository and Windows DPAPI to encrypt keys at rest.
2026-01-18 23:28:20.493 +02:00 [INF] Now listening on: https://localhost:7097
2026-01-18 23:28:20.497 +02:00 [INF] Now listening on: http://localhost:5125
2026-01-18 23:28:21.524 +02:00 [INF] Application started. Press Ctrl+C to shut down.
2026-01-18 23:28:21.531 +02:00 [INF] Hosting environment: Development
2026-01-18 23:28:21.531 +02:00 [INF] Content root path: C:\לימודים\יד\project api-angular\projectApiAngular1
2026-01-18 23:28:21.909 +02:00 [INF] Request starting HTTP/2 GET https://localhost:7097/swagger/index.html - null null
2026-01-18 23:28:23.144 +02:00 [INF] Incoming Request: GET /swagger/index.html
2026-01-18 23:28:24.406 +02:00 [INF] Request starting HTTP/2 GET https://localhost:7097/_framework/aspnetcore-browser-refresh.js - null null
2026-01-18 23:28:24.426 +02:00 [INF] Request starting HTTP/2 GET https://localhost:7097/_vs/browserLink - null null
2026-01-18 23:28:24.455 +02:00 [INF] Completed GET /swagger/index.html responded 200 in 1321ms
2026-01-18 23:28:24.584 +02:00 [INF] Request finished HTTP/2 GET https://localhost:7097/_framework/aspnetcore-browser-refresh.js - 200 16519 application/javascript; charset=utf-8 137.9163ms
2026-01-18 23:28:24.641 +02:00 [INF] Request finished HTTP/2 GET https://localhost:7097/swagger/index.html - 200 null text/html;charset=utf-8 2806.6013ms
2026-01-18 23:28:25.813 +02:00 [INF] Request finished HTTP/2 GET https://localhost:7097/_vs/browserLink - 200 null text/javascript; charset=UTF-8 1386.7962ms
2026-01-18 23:28:25.966 +02:00 [INF] Request starting HTTP/2 GET https://localhost:7097/swagger/v1/swagger.json - null null
2026-01-18 23:28:25.966 +02:00 [INF] Incoming Request: GET /swagger/v1/swagger.json
2026-01-18 23:28:26.225 +02:00 [INF] Completed GET /swagger/v1/swagger.json responded 200 in 259ms
2026-01-18 23:28:26.257 +02:00 [INF] Request finished HTTP/2 GET https://localhost:7097/swagger/v1/swagger.json - 200 null application/json;charset=utf-8 291.6806ms
2026-01-18 23:28:28.707 +02:00 [INF] Request starting HTTP/2 OPTIONS https://localhost:7097/api/auth/login - null null
2026-01-18 23:28:28.715 +02:00 [INF] Incoming Request: OPTIONS /api/auth/login
2026-01-18 23:28:28.741 +02:00 [INF] CORS policy execution successful.
2026-01-18 23:28:28.756 +02:00 [INF] Completed OPTIONS /api/auth/login responded 204 in 41ms
2026-01-18 23:28:28.757 +02:00 [INF] Request finished HTTP/2 OPTIONS https://localhost:7097/api/auth/login - 204 null null 50.055ms
2026-01-18 23:28:28.786 +02:00 [INF] Request starting HTTP/2 POST https://localhost:7097/api/auth/login - application/json 55
2026-01-18 23:28:28.786 +02:00 [INF] Incoming Request: POST /api/auth/login
2026-01-18 23:28:28.791 +02:00 [INF] CORS policy execution successful.
2026-01-18 23:28:29.822 +02:00 [INF] Executing endpoint 'projectApiAngular.Controllers.AuthController.Login (projectApiAngular)'
2026-01-18 23:28:30.193 +02:00 [INF] Route matched with {action = "Login", controller = "Auth"}. Executing controller action with signature System.Threading.Tasks.Task`1[Microsoft.AspNetCore.Mvc.IActionResult] Login(LoginDto) on controller projectApiAngular.Controllers.AuthController (projectApiAngular).
2026-01-18 23:28:42.881 +02:00 [INF] Executed DbCommand (838ms) [Parameters=[@__email_0='?' (Size = 50)], CommandType='"Text"', CommandTimeout='30']
SELECT TOP(1) [u].[Id], [u].[Email], [u].[Name], [u].[Password], [u].[Phone], [u].[Role]
FROM [Users] AS [u]
WHERE [u].[Email] = @__email_0
2026-01-18 23:28:45.440 +02:00 [INF] Executing BadRequestObjectResult, writing value of type '<>f__AnonymousType1`1[[System.String, System.Private.CoreLib, Version=8.0.0.0, Culture=neutral, PublicKeyToken=7cec85d7bea7798e]]'.
2026-01-18 23:28:45.480 +02:00 [INF] Executed action projectApiAngular.Controllers.AuthController.Login (projectApiAngular) in 15271.2462ms
2026-01-18 23:28:45.483 +02:00 [INF] Executed endpoint 'projectApiAngular.Controllers.AuthController.Login (projectApiAngular)'
2026-01-18 23:28:45.486 +02:00 [INF] Completed POST /api/auth/login responded 400 in 16699ms
2026-01-18 23:28:45.503 +02:00 [INF] Request finished HTTP/2 POST https://localhost:7097/api/auth/login - 400 null application/json; charset=utf-8 16717.7893ms
2026-01-18 23:28:46.676 +02:00 [INF] Request starting HTTP/2 OPTIONS https://localhost:7097/api/auth/login - null null
2026-01-18 23:28:46.677 +02:00 [INF] Incoming Request: OPTIONS /api/auth/login
2026-01-18 23:28:46.679 +02:00 [INF] CORS policy execution successful.
2026-01-18 23:28:46.680 +02:00 [INF] Completed OPTIONS /api/auth/login responded 204 in 2ms
2026-01-18 23:28:46.680 +02:00 [INF] Request finished HTTP/2 OPTIONS https://localhost:7097/api/auth/login - 204 null null 4.1418ms
2026-01-18 23:28:46.685 +02:00 [INF] Request starting HTTP/2 POST https://localhost:7097/api/auth/login - application/json 55
2026-01-18 23:28:46.685 +02:00 [INF] Incoming Request: POST /api/auth/login
2026-01-18 23:28:46.686 +02:00 [INF] CORS policy execution successful.
2026-01-18 23:28:46.695 +02:00 [INF] Executing endpoint 'projectApiAngular.Controllers.AuthController.Login (projectApiAngular)'
2026-01-18 23:28:46.696 +02:00 [INF] Route matched with {action = "Login", controller = "Auth"}. Executing controller action with signature System.Threading.Tasks.Task`1[Microsoft.AspNetCore.Mvc.IActionResult] Login(LoginDto) on controller projectApiAngular.Controllers.AuthController (projectApiAngular).
2026-01-18 23:28:46.808 +02:00 [INF] Executed DbCommand (22ms) [Parameters=[@__email_0='?' (Size = 50)], CommandType='"Text"', CommandTimeout='30']
SELECT TOP(1) [u].[Id], [u].[Email], [u].[Name], [u].[Password], [u].[Phone], [u].[Role]
FROM [Users] AS [u]
WHERE [u].[Email] = @__email_0
2026-01-18 23:28:47.896 +02:00 [INF] Executing BadRequestObjectResult, writing value of type '<>f__AnonymousType1`1[[System.String, System.Private.CoreLib, Version=8.0.0.0, Culture=neutral, PublicKeyToken=7cec85d7bea7798e]]'.
2026-01-18 23:28:47.898 +02:00 [INF] Executed action projectApiAngular.Controllers.AuthController.Login (projectApiAngular) in 1200.8413ms
2026-01-18 23:28:47.898 +02:00 [INF] Executed endpoint 'projectApiAngular.Controllers.AuthController.Login (projectApiAngular)'
2026-01-18 23:28:47.898 +02:00 [INF] Completed POST /api/auth/login responded 400 in 1213ms
2026-01-18 23:28:47.899 +02:00 [INF] Request finished HTTP/2 POST https://localhost:7097/api/auth/login - 400 null application/json; charset=utf-8 1214.3149ms
2026-01-18 23:31:53.359 +02:00 [INF] Request starting HTTP/2 OPTIONS https://localhost:7097/api/auth/login - null null
2026-01-18 23:31:53.364 +02:00 [INF] Incoming Request: OPTIONS /api/auth/login
2026-01-18 23:31:53.364 +02:00 [INF] CORS policy execution successful.
2026-01-18 23:31:53.371 +02:00 [INF] Completed OPTIONS /api/auth/login responded 204 in 7ms
2026-01-18 23:31:53.372 +02:00 [INF] Request finished HTTP/2 OPTIONS https://localhost:7097/api/auth/login - 204 null null 13.5806ms
2026-01-18 23:31:53.380 +02:00 [INF] Request starting HTTP/2 POST https://localhost:7097/api/auth/login - application/json 55
2026-01-18 23:31:53.380 +02:00 [INF] Incoming Request: POST /api/auth/login
2026-01-18 23:31:53.380 +02:00 [INF] CORS policy execution successful.
2026-01-18 23:31:53.385 +02:00 [INF] Executing endpoint 'projectApiAngular.Controllers.AuthController.Login (projectApiAngular)'
2026-01-18 23:31:53.385 +02:00 [INF] Route matched with {action = "Login", controller = "Auth"}. Executing controller action with signature System.Threading.Tasks.Task`1[Microsoft.AspNetCore.Mvc.IActionResult] Login(LoginDto) on controller projectApiAngular.Controllers.AuthController (projectApiAngular).
2026-01-18 23:31:53.528 +02:00 [INF] Executed DbCommand (11ms) [Parameters=[@__email_0='?' (Size = 50)], CommandType='"Text"', CommandTimeout='30']
SELECT TOP(1) [u].[Id], [u].[Email], [u].[Name], [u].[Password], [u].[Phone], [u].[Role]
FROM [Users] AS [u]
WHERE [u].[Email] = @__email_0
2026-01-18 23:31:54.125 +02:00 [INF] Executing OkObjectResult, writing value of type '<>f__AnonymousType0`1[[System.String, System.Private.CoreLib, Version=8.0.0.0, Culture=neutral, PublicKeyToken=7cec85d7bea7798e]]'.
2026-01-18 23:31:54.128 +02:00 [INF] Executed action projectApiAngular.Controllers.AuthController.Login (projectApiAngular) in 742.8622ms
2026-01-18 23:31:54.128 +02:00 [INF] Executed endpoint 'projectApiAngular.Controllers.AuthController.Login (projectApiAngular)'
2026-01-18 23:31:54.128 +02:00 [INF] Completed POST /api/auth/login responded 200 in 748ms
2026-01-18 23:31:54.129 +02:00 [INF] Request finished HTTP/2 POST https://localhost:7097/api/auth/login - 200 null application/json; charset=utf-8 750.2277ms
2026-01-18 23:32:22.281 +02:00 [INF] Request starting HTTP/2 OPTIONS https://localhost:7097/api/auth/login - null null
2026-01-18 23:32:22.283 +02:00 [INF] Incoming Request: OPTIONS /api/auth/login
2026-01-18 23:32:22.284 +02:00 [INF] CORS policy execution successful.
2026-01-18 23:32:22.284 +02:00 [INF] Completed OPTIONS /api/auth/login responded 204 in 0ms
2026-01-18 23:32:22.284 +02:00 [INF] Request finished HTTP/2 OPTIONS https://localhost:7097/api/auth/login - 204 null null 2.8827ms
2026-01-18 23:32:22.290 +02:00 [INF] Request starting HTTP/2 POST https://localhost:7097/api/auth/login - application/json 55
2026-01-18 23:32:22.295 +02:00 [INF] Incoming Request: POST /api/auth/login
2026-01-18 23:32:22.295 +02:00 [INF] CORS policy execution successful.
2026-01-18 23:32:22.295 +02:00 [INF] Executing endpoint 'projectApiAngular.Controllers.AuthController.Login (projectApiAngular)'
2026-01-18 23:32:22.296 +02:00 [INF] Route matched with {action = "Login", controller = "Auth"}. Executing controller action with signature System.Threading.Tasks.Task`1[Microsoft.AspNetCore.Mvc.IActionResult] Login(LoginDto) on controller projectApiAngular.Controllers.AuthController (projectApiAngular).
2026-01-18 23:32:22.303 +02:00 [INF] Executed DbCommand (4ms) [Parameters=[@__email_0='?' (Size = 50)], CommandType='"Text"', CommandTimeout='30']
SELECT TOP(1) [u].[Id], [u].[Email], [u].[Name], [u].[Password], [u].[Phone], [u].[Role]
FROM [Users] AS [u]
WHERE [u].[Email] = @__email_0
2026-01-18 23:32:22.766 +02:00 [INF] Executing BadRequestObjectResult, writing value of type '<>f__AnonymousType1`1[[System.String, System.Private.CoreLib, Version=8.0.0.0, Culture=neutral, PublicKeyToken=7cec85d7bea7798e]]'.
2026-01-18 23:32:22.767 +02:00 [INF] Executed action projectApiAngular.Controllers.AuthController.Login (projectApiAngular) in 471.2969ms
2026-01-18 23:32:22.767 +02:00 [INF] Executed endpoint 'projectApiAngular.Controllers.AuthController.Login (projectApiAngular)'
2026-01-18 23:32:22.767 +02:00 [INF] Completed POST /api/auth/login responded 400 in 473ms
2026-01-18 23:32:22.768 +02:00 [INF] Request finished HTTP/2 POST https://localhost:7097/api/auth/login - 400 null application/json; charset=utf-8 477.5578ms
2026-01-18 23:32:27.320 +02:00 [INF] Request starting HTTP/2 OPTIONS https://localhost:7097/api/auth/login - null null
2026-01-18 23:32:27.320 +02:00 [INF] Incoming Request: OPTIONS /api/auth/login
2026-01-18 23:32:27.320 +02:00 [INF] CORS policy execution successful.
2026-01-18 23:32:27.321 +02:00 [INF] Completed OPTIONS /api/auth/login responded 204 in 0ms
2026-01-18 23:32:27.321 +02:00 [INF] Request finished HTTP/2 OPTIONS https://localhost:7097/api/auth/login - 204 null null 1.3952ms
2026-01-18 23:32:27.324 +02:00 [INF] Request starting HTTP/2 POST https://localhost:7097/api/auth/login - application/json 55
2026-01-18 23:32:27.324 +02:00 [INF] Incoming Request: POST /api/auth/login
2026-01-18 23:32:27.324 +02:00 [INF] CORS policy execution successful.
2026-01-18 23:32:27.324 +02:00 [INF] Executing endpoint 'projectApiAngular.Controllers.AuthController.Login (projectApiAngular)'
2026-01-18 23:32:27.325 +02:00 [INF] Route matched with {action = "Login", controller = "Auth"}. Executing controller action with signature System.Threading.Tasks.Task`1[Microsoft.AspNetCore.Mvc.IActionResult] Login(LoginDto) on controller projectApiAngular.Controllers.AuthController (projectApiAngular).
2026-01-18 23:32:27.331 +02:00 [INF] Executed DbCommand (3ms) [Parameters=[@__email_0='?' (Size = 50)], CommandType='"Text"', CommandTimeout='30']
SELECT TOP(1) [u].[Id], [u].[Email], [u].[Name], [u].[Password], [u].[Phone], [u].[Role]
FROM [Users] AS [u]
WHERE [u].[Email] = @__email_0
2026-01-18 23:32:27.697 +02:00 [INF] Executing OkObjectResult, writing value of type '<>f__AnonymousType0`1[[System.String, System.Private.CoreLib, Version=8.0.0.0, Culture=neutral, PublicKeyToken=7cec85d7bea7798e]]'.
2026-01-18 23:32:27.697 +02:00 [INF] Executed action projectApiAngular.Controllers.AuthController.Login (projectApiAngular) in 372.5738ms
2026-01-18 23:32:27.697 +02:00 [INF] Executed endpoint 'projectApiAngular.Controllers.AuthController.Login (projectApiAngular)'
2026-01-18 23:32:27.697 +02:00 [INF] Completed POST /api/auth/login responded 200 in 373ms
2026-01-18 23:32:27.697 +02:00 [INF] Request finished HTTP/2 POST https://localhost:7097/api/auth/login - 200 null application/json; charset=utf-8 374.4716ms
2026-01-18 23:32:36.148 +02:00 [INF] Request starting HTTP/2 OPTIONS https://localhost:7097/api/Donner - null null
2026-01-18 23:32:36.148 +02:00 [INF] Incoming Request: OPTIONS /api/Donner
2026-01-18 23:32:36.148 +02:00 [INF] CORS policy execution successful.
2026-01-18 23:32:36.148 +02:00 [INF] Completed OPTIONS /api/Donner responded 204 in 0ms
2026-01-18 23:32:36.148 +02:00 [INF] Request finished HTTP/2 OPTIONS https://localhost:7097/api/Donner - 204 null null 1.1274ms
2026-01-18 23:32:36.151 +02:00 [INF] Request starting HTTP/2 GET https://localhost:7097/api/Donner - null null
2026-01-18 23:32:36.151 +02:00 [INF] Incoming Request: GET /api/Donner
2026-01-18 23:32:36.152 +02:00 [INF] CORS policy execution successful.
2026-01-18 23:32:36.238 +02:00 [INF] Executing endpoint 'projectApiAngular.Controllers.DonnerController.GetAllDonners (projectApiAngular)'
2026-01-18 23:32:36.245 +02:00 [INF] Route matched with {action = "GetAllDonners", controller = "Donner"}. Executing controller action with signature System.Threading.Tasks.Task`1[Microsoft.AspNetCore.Mvc.IActionResult] GetAllDonners() on controller projectApiAngular.Controllers.DonnerController (projectApiAngular).
2026-01-18 23:32:36.277 +02:00 [INF] Executed DbCommand (9ms) [Parameters=[], CommandType='"Text"', CommandTimeout='30']
SELECT [d].[Id], [d].[Email], [d].[Name], [d].[Phone]
FROM [Doners] AS [d]
2026-01-18 23:32:36.297 +02:00 [INF] Executing OkObjectResult, writing value of type 'System.Linq.Enumerable+SelectListIterator`2[[projectApiAngular.Models.Donner, projectApiAngular, Version=1.0.0.0, Culture=neutral, PublicKeyToken=null],[projectApiAngular.DTO.DonnerDto+ReadDonnerDto, projectApiAngular, Version=1.0.0.0, Culture=neutral, PublicKeyToken=null]]'.
2026-01-18 23:32:36.302 +02:00 [INF] Executed action projectApiAngular.Controllers.DonnerController.GetAllDonners (projectApiAngular) in 56.0412ms
2026-01-18 23:32:36.302 +02:00 [INF] Executed endpoint 'projectApiAngular.Controllers.DonnerController.GetAllDonners (projectApiAngular)'
2026-01-18 23:32:36.302 +02:00 [INF] Completed GET /api/Donner responded 200 in 150ms
2026-01-18 23:32:36.302 +02:00 [INF] Request finished HTTP/2 GET https://localhost:7097/api/Donner - 200 null application/json; charset=utf-8 151.3836ms
2026-01-18 23:32:37.996 +02:00 [INF] Request starting HTTP/2 GET https://localhost:7097/api/Donner - null null
2026-01-18 23:32:37.996 +02:00 [INF] Incoming Request: GET /api/Donner
2026-01-18 23:32:37.997 +02:00 [INF] CORS policy execution successful.
2026-01-18 23:32:38.000 +02:00 [INF] Executing endpoint 'projectApiAngular.Controllers.DonnerController.GetAllDonners (projectApiAngular)'
2026-01-18 23:32:38.000 +02:00 [INF] Route matched with {action = "GetAllDonners", controller = "Donner"}. Executing controller action with signature System.Threading.Tasks.Task`1[Microsoft.AspNetCore.Mvc.IActionResult] GetAllDonners() on controller projectApiAngular.Controllers.DonnerController (projectApiAngular).
2026-01-18 23:32:38.005 +02:00 [INF] Executed DbCommand (3ms) [Parameters=[], CommandType='"Text"', CommandTimeout='30']
SELECT [d].[Id], [d].[Email], [d].[Name], [d].[Phone]
FROM [Doners] AS [d]
2026-01-18 23:32:38.008 +02:00 [INF] Executing OkObjectResult, writing value of type 'System.Linq.Enumerable+SelectListIterator`2[[projectApiAngular.Models.Donner, projectApiAngular, Version=1.0.0.0, Culture=neutral, PublicKeyToken=null],[projectApiAngular.DTO.DonnerDto+ReadDonnerDto, projectApiAngular, Version=1.0.0.0, Culture=neutral, PublicKeyToken=null]]'.
2026-01-18 23:32:38.008 +02:00 [INF] Executed action projectApiAngular.Controllers.DonnerController.GetAllDonners (projectApiAngular) in 8.3787ms
2026-01-18 23:32:38.008 +02:00 [INF] Executed endpoint 'projectApiAngular.Controllers.DonnerController.GetAllDonners (projectApiAngular)'
2026-01-18 23:32:38.008 +02:00 [INF] Completed GET /api/Donner responded 200 in 12ms
2026-01-18 23:32:38.009 +02:00 [INF] Request finished HTTP/2 GET https://localhost:7097/api/Donner - 200 null application/json; charset=utf-8 12.8173ms
2026-01-18 23:32:45.372 +02:00 [INF] Request starting HTTP/2 OPTIONS https://localhost:7097/api/Donner/1 - null null
2026-01-18 23:32:45.372 +02:00 [INF] Incoming Request: OPTIONS /api/Donner/1
2026-01-18 23:32:45.373 +02:00 [INF] CORS policy execution successful.
2026-01-18 23:32:45.385 +02:00 [INF] Completed OPTIONS /api/Donner/1 responded 204 in 12ms
2026-01-18 23:32:45.385 +02:00 [INF] Request finished HTTP/2 OPTIONS https://localhost:7097/api/Donner/1 - 204 null null 12.859ms
2026-01-18 23:32:45.404 +02:00 [INF] Request starting HTTP/2 PUT https://localhost:7097/api/Donner/1 - application/json 39
2026-01-18 23:32:45.404 +02:00 [INF] Incoming Request: PUT /api/Donner/1
2026-01-18 23:32:45.404 +02:00 [INF] CORS policy execution successful.
2026-01-18 23:32:45.412 +02:00 [INF] Executing endpoint 'projectApiAngular.Controllers.DonnerController.UpdateDonner (projectApiAngular)'
2026-01-18 23:32:45.431 +02:00 [INF] Route matched with {action = "UpdateDonner", controller = "Donner"}. Executing controller action with signature System.Threading.Tasks.Task`1[Microsoft.AspNetCore.Mvc.IActionResult] UpdateDonner(Int32, UpdateDonnerDto) on controller projectApiAngular.Controllers.DonnerController (projectApiAngular).
2026-01-18 23:32:45.834 +02:00 [INF] Executed DbCommand (17ms) [Parameters=[@__id_0='?' (DbType = Int32)], CommandType='"Text"', CommandTimeout='30']
SELECT [t].[Id], [t].[Email], [t].[Name], [t].[Phone], [g].[Id], [g].[CategoryId], [g].[Description], [g].[DonerId], [g].[ImagePath], [g].[Name], [g].[Price], [g].[WinnerId]
FROM (
    SELECT TOP(1) [d].[Id], [d].[Email], [d].[Name], [d].[Phone]
    FROM [Doners] AS [d]
    WHERE [d].[Id] = @__id_0
) AS [t]
LEFT JOIN [Gifts] AS [g] ON [t].[Id] = [g].[DonerId]
ORDER BY [t].[Id]
2026-01-18 23:32:46.509 +02:00 [INF] Executed DbCommand (14ms) [Parameters=[@p1='?' (DbType = Int32), @p0='?' (Size = 50)], CommandType='"Text"', CommandTimeout='30']
SET IMPLICIT_TRANSACTIONS OFF;
SET NOCOUNT ON;
UPDATE [Doners] SET [Name] = @p0
OUTPUT 1
WHERE [Id] = @p1;
2026-01-18 23:32:46.554 +02:00 [INF] Executing OkObjectResult, writing value of type 'projectApiAngular.DTO.DonnerDto+ReadDonnerDto'.
2026-01-18 23:32:46.555 +02:00 [INF] Executed action projectApiAngular.Controllers.DonnerController.UpdateDonner (projectApiAngular) in 1123.8657ms
2026-01-18 23:32:46.555 +02:00 [INF] Executed endpoint 'projectApiAngular.Controllers.DonnerController.UpdateDonner (projectApiAngular)'
2026-01-18 23:32:46.555 +02:00 [INF] Completed PUT /api/Donner/1 responded 200 in 1150ms
2026-01-18 23:32:46.555 +02:00 [INF] Request finished HTTP/2 PUT https://localhost:7097/api/Donner/1 - 200 null application/json; charset=utf-8 1151.8058ms
2026-01-18 23:32:47.169 +02:00 [INF] Request starting HTTP/2 OPTIONS https://localhost:7097/api/Donner - null null
2026-01-18 23:32:47.169 +02:00 [INF] Incoming Request: OPTIONS /api/Donner
2026-01-18 23:32:47.169 +02:00 [INF] CORS policy execution successful.
2026-01-18 23:32:47.170 +02:00 [INF] Completed OPTIONS /api/Donner responded 204 in 0ms
2026-01-18 23:32:47.170 +02:00 [INF] Request finished HTTP/2 OPTIONS https://localhost:7097/api/Donner - 204 null null 1.814ms
2026-01-18 23:32:47.173 +02:00 [INF] Request starting HTTP/2 GET https://localhost:7097/api/Donner - null null
2026-01-18 23:32:47.173 +02:00 [INF] Incoming Request: GET /api/Donner
2026-01-18 23:32:47.173 +02:00 [INF] CORS policy execution successful.
2026-01-18 23:32:47.174 +02:00 [INF] Executing endpoint 'projectApiAngular.Controllers.DonnerController.GetAllDonners (projectApiAngular)'
2026-01-18 23:32:47.175 +02:00 [INF] Route matched with {action = "GetAllDonners", controller = "Donner"}. Executing controller action with signature System.Threading.Tasks.Task`1[Microsoft.AspNetCore.Mvc.IActionResult] GetAllDonners() on controller projectApiAngular.Controllers.DonnerController (projectApiAngular).
2026-01-18 23:32:47.182 +02:00 [INF] Executed DbCommand (5ms) [Parameters=[], CommandType='"Text"', CommandTimeout='30']
SELECT [d].[Id], [d].[Email], [d].[Name], [d].[Phone]
FROM [Doners] AS [d]
2026-01-18 23:32:47.186 +02:00 [INF] Executing OkObjectResult, writing value of type 'System.Linq.Enumerable+SelectListIterator`2[[projectApiAngular.Models.Donner, projectApiAngular, Version=1.0.0.0, Culture=neutral, PublicKeyToken=null],[projectApiAngular.DTO.DonnerDto+ReadDonnerDto, projectApiAngular, Version=1.0.0.0, Culture=neutral, PublicKeyToken=null]]'.
2026-01-18 23:32:47.186 +02:00 [INF] Executed action projectApiAngular.Controllers.DonnerController.GetAllDonners (projectApiAngular) in 11.6897ms
2026-01-18 23:32:47.187 +02:00 [INF] Executed endpoint 'projectApiAngular.Controllers.DonnerController.GetAllDonners (projectApiAngular)'
2026-01-18 23:32:47.187 +02:00 [INF] Completed GET /api/Donner responded 200 in 13ms
2026-01-18 23:32:47.187 +02:00 [INF] Request finished HTTP/2 GET https://localhost:7097/api/Donner - 200 null application/json; charset=utf-8 15.0558ms
2026-01-18 23:32:54.161 +02:00 [INF] Request starting HTTP/2 OPTIONS https://localhost:7097/api/Donner/1 - null null
2026-01-18 23:32:54.161 +02:00 [INF] Incoming Request: OPTIONS /api/Donner/1
2026-01-18 23:32:54.162 +02:00 [INF] CORS policy execution successful.
2026-01-18 23:32:54.162 +02:00 [INF] Completed OPTIONS /api/Donner/1 responded 204 in 0ms
2026-01-18 23:32:54.162 +02:00 [INF] Request finished HTTP/2 OPTIONS https://localhost:7097/api/Donner/1 - 204 null null 0.7448ms
2026-01-18 23:32:54.164 +02:00 [INF] Request starting HTTP/2 PUT https://localhost:7097/api/Donner/1 - application/json 42
2026-01-18 23:32:54.165 +02:00 [INF] Incoming Request: PUT /api/Donner/1
2026-01-18 23:32:54.165 +02:00 [INF] CORS policy execution successful.
2026-01-18 23:32:54.167 +02:00 [INF] Executing endpoint 'projectApiAngular.Controllers.DonnerController.UpdateDonner (projectApiAngular)'
2026-01-18 23:32:54.167 +02:00 [INF] Route matched with {action = "UpdateDonner", controller = "Donner"}. Executing controller action with signature System.Threading.Tasks.Task`1[Microsoft.AspNetCore.Mvc.IActionResult] UpdateDonner(Int32, UpdateDonnerDto) on controller projectApiAngular.Controllers.DonnerController (projectApiAngular).
2026-01-18 23:32:54.191 +02:00 [INF] Executed DbCommand (21ms) [Parameters=[@__id_0='?' (DbType = Int32)], CommandType='"Text"', CommandTimeout='30']
SELECT [t].[Id], [t].[Email], [t].[Name], [t].[Phone], [g].[Id], [g].[CategoryId], [g].[Description], [g].[DonerId], [g].[ImagePath], [g].[Name], [g].[Price], [g].[WinnerId]
FROM (
    SELECT TOP(1) [d].[Id], [d].[Email], [d].[Name], [d].[Phone]
    FROM [Doners] AS [d]
    WHERE [d].[Id] = @__id_0
) AS [t]
LEFT JOIN [Gifts] AS [g] ON [t].[Id] = [g].[DonerId]
ORDER BY [t].[Id]
2026-01-18 23:32:54.200 +02:00 [INF] Executed DbCommand (7ms) [Parameters=[@p1='?' (DbType = Int32), @p0='?' (Size = 50)], CommandType='"Text"', CommandTimeout='30']
SET IMPLICIT_TRANSACTIONS OFF;
SET NOCOUNT ON;
UPDATE [Doners] SET [Name] = @p0
OUTPUT 1
WHERE [Id] = @p1;
2026-01-18 23:32:54.201 +02:00 [INF] Executing OkObjectResult, writing value of type 'projectApiAngular.DTO.DonnerDto+ReadDonnerDto'.
2026-01-18 23:32:54.201 +02:00 [INF] Executed action projectApiAngular.Controllers.DonnerController.UpdateDonner (projectApiAngular) in 34.1499ms
2026-01-18 23:32:54.201 +02:00 [INF] Executed endpoint 'projectApiAngular.Controllers.DonnerController.UpdateDonner (projectApiAngular)'
2026-01-18 23:32:54.201 +02:00 [INF] Completed PUT /api/Donner/1 responded 200 in 36ms
2026-01-18 23:32:54.202 +02:00 [INF] Request finished HTTP/2 PUT https://localhost:7097/api/Donner/1 - 200 null application/json; charset=utf-8 37.6124ms
2026-01-18 23:32:55.741 +02:00 [INF] Request starting HTTP/2 OPTIONS https://localhost:7097/api/Donner - null null
2026-01-18 23:32:55.741 +02:00 [INF] Incoming Request: OPTIONS /api/Donner
2026-01-18 23:32:55.741 +02:00 [INF] CORS policy execution successful.
2026-01-18 23:32:55.741 +02:00 [INF] Completed OPTIONS /api/Donner responded 204 in 0ms
2026-01-18 23:32:55.741 +02:00 [INF] Request finished HTTP/2 OPTIONS https://localhost:7097/api/Donner - 204 null null 0.674ms
2026-01-18 23:32:55.744 +02:00 [INF] Request starting HTTP/2 GET https://localhost:7097/api/Donner - null null
2026-01-18 23:32:55.745 +02:00 [INF] Incoming Request: GET /api/Donner
2026-01-18 23:32:55.745 +02:00 [INF] CORS policy execution successful.
2026-01-18 23:32:55.745 +02:00 [INF] Executing endpoint 'projectApiAngular.Controllers.DonnerController.GetAllDonners (projectApiAngular)'
2026-01-18 23:32:55.745 +02:00 [INF] Route matched with {action = "GetAllDonners", controller = "Donner"}. Executing controller action with signature System.Threading.Tasks.Task`1[Microsoft.AspNetCore.Mvc.IActionResult] GetAllDonners() on controller projectApiAngular.Controllers.DonnerController (projectApiAngular).
2026-01-18 23:32:55.761 +02:00 [INF] Executed DbCommand (14ms) [Parameters=[], CommandType='"Text"', CommandTimeout='30']
SELECT [d].[Id], [d].[Email], [d].[Name], [d].[Phone]
FROM [Doners] AS [d]
2026-01-18 23:32:55.762 +02:00 [INF] Executing OkObjectResult, writing value of type 'System.Linq.Enumerable+SelectListIterator`2[[projectApiAngular.Models.Donner, projectApiAngular, Version=1.0.0.0, Culture=neutral, PublicKeyToken=null],[projectApiAngular.DTO.DonnerDto+ReadDonnerDto, projectApiAngular, Version=1.0.0.0, Culture=neutral, PublicKeyToken=null]]'.
2026-01-18 23:32:55.762 +02:00 [INF] Executed action projectApiAngular.Controllers.DonnerController.GetAllDonners (projectApiAngular) in 16.7449ms
2026-01-18 23:32:55.762 +02:00 [INF] Executed endpoint 'projectApiAngular.Controllers.DonnerController.GetAllDonners (projectApiAngular)'
2026-01-18 23:32:55.762 +02:00 [INF] Completed GET /api/Donner responded 200 in 17ms
2026-01-18 23:32:55.763 +02:00 [INF] Request finished HTTP/2 GET https://localhost:7097/api/Donner - 200 null application/json; charset=utf-8 18.8457ms
2026-01-18 23:32:57.122 +02:00 [INF] Request starting HTTP/2 PUT https://localhost:7097/api/Donner/1 - application/json 39
2026-01-18 23:32:57.122 +02:00 [INF] Incoming Request: PUT /api/Donner/1
2026-01-18 23:32:57.122 +02:00 [INF] CORS policy execution successful.
2026-01-18 23:32:57.123 +02:00 [INF] Executing endpoint 'projectApiAngular.Controllers.DonnerController.UpdateDonner (projectApiAngular)'
2026-01-18 23:32:57.123 +02:00 [INF] Route matched with {action = "UpdateDonner", controller = "Donner"}. Executing controller action with signature System.Threading.Tasks.Task`1[Microsoft.AspNetCore.Mvc.IActionResult] UpdateDonner(Int32, UpdateDonnerDto) on controller projectApiAngular.Controllers.DonnerController (projectApiAngular).
2026-01-18 23:32:57.143 +02:00 [INF] Executed DbCommand (18ms) [Parameters=[@__id_0='?' (DbType = Int32)], CommandType='"Text"', CommandTimeout='30']
SELECT [t].[Id], [t].[Email], [t].[Name], [t].[Phone], [g].[Id], [g].[CategoryId], [g].[Description], [g].[DonerId], [g].[ImagePath], [g].[Name], [g].[Price], [g].[WinnerId]
FROM (
    SELECT TOP(1) [d].[Id], [d].[Email], [d].[Name], [d].[Phone]
    FROM [Doners] AS [d]
    WHERE [d].[Id] = @__id_0
) AS [t]
LEFT JOIN [Gifts] AS [g] ON [t].[Id] = [g].[DonerId]
ORDER BY [t].[Id]
2026-01-18 23:32:57.145 +02:00 [INF] Executing OkObjectResult, writing value of type 'projectApiAngular.DTO.DonnerDto+ReadDonnerDto'.
2026-01-18 23:32:57.145 +02:00 [INF] Executed action projectApiAngular.Controllers.DonnerController.UpdateDonner (projectApiAngular) in 22.5289ms
2026-01-18 23:32:57.145 +02:00 [INF] Executed endpoint 'projectApiAngular.Controllers.DonnerController.UpdateDonner (projectApiAngular)'
2026-01-18 23:32:57.145 +02:00 [INF] Completed PUT /api/Donner/1 responded 200 in 23ms
2026-01-18 23:32:57.146 +02:00 [INF] Request finished HTTP/2 PUT https://localhost:7097/api/Donner/1 - 200 null application/json; charset=utf-8 24.8595ms
