2026-01-20 21:39:03.351 +02:00 [INF] User profile is available. Using 'C:\Users\user1\AppData\Local\ASP.NET\DataProtection-Keys' as key repository and Windows DPAPI to encrypt keys at rest.
2026-01-20 21:39:05.923 +02:00 [INF] Now listening on: https://localhost:7097
2026-01-20 21:39:05.926 +02:00 [INF] Now listening on: http://localhost:5125
2026-01-20 21:39:07.273 +02:00 [INF] Application started. Press Ctrl+C to shut down.
2026-01-20 21:39:07.274 +02:00 [INF] Hosting environment: Development
2026-01-20 21:39:07.274 +02:00 [INF] Content root path: C:\לימודים\יד\project api-angular\projectApiAngular1
2026-01-20 21:39:10.114 +02:00 [INF] Request starting HTTP/2 GET https://localhost:7097/swagger/index.html - null null
2026-01-20 21:39:11.188 +02:00 [INF] Incoming Request: GET /swagger/index.html
2026-01-20 21:39:11.600 +02:00 [INF] Completed GET /swagger/index.html responded 200 in 417ms
2026-01-20 21:39:11.615 +02:00 [INF] Request finished HTTP/2 GET https://localhost:7097/swagger/index.html - 200 null text/html;charset=utf-8 1536.2528ms
2026-01-20 21:39:11.681 +02:00 [INF] Request starting HTTP/2 GET https://localhost:7097/_vs/browserLink - null null
2026-01-20 21:39:11.681 +02:00 [INF] Request starting HTTP/2 GET https://localhost:7097/_framework/aspnetcore-browser-refresh.js - null null
2026-01-20 21:39:11.698 +02:00 [INF] Request finished HTTP/2 GET https://localhost:7097/_framework/aspnetcore-browser-refresh.js - 200 16519 application/javascript; charset=utf-8 16.4265ms
2026-01-20 21:39:11.997 +02:00 [INF] Request finished HTTP/2 GET https://localhost:7097/_vs/browserLink - 200 null text/javascript; charset=UTF-8 315.5151ms
2026-01-20 21:39:12.127 +02:00 [INF] Request starting HTTP/2 GET https://localhost:7097/swagger/v1/swagger.json - null null
2026-01-20 21:39:12.128 +02:00 [INF] Incoming Request: GET /swagger/v1/swagger.json
2026-01-20 21:39:12.357 +02:00 [INF] Completed GET /swagger/v1/swagger.json responded 200 in 229ms
2026-01-20 21:39:12.361 +02:00 [INF] Request finished HTTP/2 GET https://localhost:7097/swagger/v1/swagger.json - 200 null application/json;charset=utf-8 280.1851ms
2026-01-20 21:39:14.219 +02:00 [INF] Request starting HTTP/2 OPTIONS https://localhost:7097/api/auth/login - null null
2026-01-20 21:39:14.220 +02:00 [INF] Incoming Request: OPTIONS /api/auth/login
2026-01-20 21:39:14.239 +02:00 [INF] CORS policy execution successful.
2026-01-20 21:39:14.246 +02:00 [INF] Completed OPTIONS /api/auth/login responded 204 in 26ms
2026-01-20 21:39:14.247 +02:00 [INF] Request finished HTTP/2 OPTIONS https://localhost:7097/api/auth/login - 204 null null 27.9768ms
2026-01-20 21:39:14.253 +02:00 [INF] Request starting HTTP/2 POST https://localhost:7097/api/auth/login - application/json 55
2026-01-20 21:39:14.257 +02:00 [INF] Incoming Request: POST /api/auth/login
2026-01-20 21:39:14.259 +02:00 [INF] CORS policy execution successful.
2026-01-20 21:39:15.486 +02:00 [INF] Failed to validate the token.
Microsoft.IdentityModel.Tokens.SecurityTokenExpiredException: IDX10223: Lifetime validation failed. The token is expired. ValidTo (UTC): '18/01/2026 22:32:27', Current time (UTC): '20/01/2026 19:39:15'.
   at Microsoft.IdentityModel.Tokens.ValidatorUtilities.ValidateLifetime(Nullable`1 notBefore, Nullable`1 expires, SecurityToken securityToken, TokenValidationParameters validationParameters)
   at Microsoft.IdentityModel.Tokens.Validators.ValidateLifetime(Nullable`1 notBefore, Nullable`1 expires, SecurityToken securityToken, TokenValidationParameters validationParameters)
   at Microsoft.IdentityModel.JsonWebTokens.JsonWebTokenHandler.ValidateTokenPayloadAsync(JsonWebToken jsonWebToken, TokenValidationParameters validationParameters, BaseConfiguration configuration)
   at Microsoft.IdentityModel.JsonWebTokens.JsonWebTokenHandler.ValidateJWSAsync(JsonWebToken jsonWebToken, TokenValidationParameters validationParameters, BaseConfiguration configuration)
2026-01-20 21:39:15.672 +02:00 [INF] Bearer was not authenticated. Failure message: IDX10223: Lifetime validation failed. The token is expired. ValidTo (UTC): '18/01/2026 22:32:27', Current time (UTC): '20/01/2026 19:39:15'.
2026-01-20 21:39:15.689 +02:00 [INF] Executing endpoint 'projectApiAngular.Controllers.AuthController.Login (projectApiAngular)'
2026-01-20 21:39:15.908 +02:00 [INF] Route matched with {action = "Login", controller = "Auth"}. Executing controller action with signature System.Threading.Tasks.Task`1[Microsoft.AspNetCore.Mvc.IActionResult] Login(LoginDto) on controller projectApiAngular.Controllers.AuthController (projectApiAngular).
2026-01-20 21:39:21.018 +02:00 [INF] Request starting HTTP/2 OPTIONS https://localhost:7097/api/auth/login - null null
2026-01-20 21:39:21.019 +02:00 [INF] Incoming Request: OPTIONS /api/auth/login
2026-01-20 21:39:21.020 +02:00 [INF] CORS policy execution successful.
2026-01-20 21:39:21.021 +02:00 [INF] Completed OPTIONS /api/auth/login responded 204 in 1ms
2026-01-20 21:39:21.021 +02:00 [INF] Request finished HTTP/2 OPTIONS https://localhost:7097/api/auth/login - 204 null null 2.9386ms
2026-01-20 21:39:21.025 +02:00 [INF] Request starting HTTP/2 POST https://localhost:7097/api/auth/login - application/json 55
2026-01-20 21:39:21.026 +02:00 [INF] Incoming Request: POST /api/auth/login
2026-01-20 21:39:21.026 +02:00 [INF] CORS policy execution successful.
2026-01-20 21:39:21.035 +02:00 [INF] Failed to validate the token.
Microsoft.IdentityModel.Tokens.SecurityTokenExpiredException: IDX10223: Lifetime validation failed. The token is expired. ValidTo (UTC): '18/01/2026 22:32:27', Current time (UTC): '20/01/2026 19:39:21'.
   at Microsoft.IdentityModel.Tokens.ValidatorUtilities.ValidateLifetime(Nullable`1 notBefore, Nullable`1 expires, SecurityToken securityToken, TokenValidationParameters validationParameters)
   at Microsoft.IdentityModel.Tokens.Validators.ValidateLifetime(Nullable`1 notBefore, Nullable`1 expires, SecurityToken securityToken, TokenValidationParameters validationParameters)
   at Microsoft.IdentityModel.JsonWebTokens.JsonWebTokenHandler.ValidateTokenPayloadAsync(JsonWebToken jsonWebToken, TokenValidationParameters validationParameters, BaseConfiguration configuration)
   at Microsoft.IdentityModel.JsonWebTokens.JsonWebTokenHandler.ValidateJWSAsync(JsonWebToken jsonWebToken, TokenValidationParameters validationParameters, BaseConfiguration configuration)
2026-01-20 21:39:21.037 +02:00 [INF] Bearer was not authenticated. Failure message: IDX10223: Lifetime validation failed. The token is expired. ValidTo (UTC): '18/01/2026 22:32:27', Current time (UTC): '20/01/2026 19:39:21'.
2026-01-20 21:39:21.038 +02:00 [INF] Executing endpoint 'projectApiAngular.Controllers.AuthController.Login (projectApiAngular)'
2026-01-20 21:39:21.038 +02:00 [INF] Route matched with {action = "Login", controller = "Auth"}. Executing controller action with signature System.Threading.Tasks.Task`1[Microsoft.AspNetCore.Mvc.IActionResult] Login(LoginDto) on controller projectApiAngular.Controllers.AuthController (projectApiAngular).
2026-01-20 21:39:24.709 +02:00 [INF] Executed DbCommand (662ms) [Parameters=[@__email_0='?' (Size = 50)], CommandType='"Text"', CommandTimeout='30']
SELECT TOP(1) [u].[Id], [u].[Email], [u].[Name], [u].[Password], [u].[Phone], [u].[Role]
FROM [Users] AS [u]
WHERE [u].[Email] = @__email_0
2026-01-20 21:39:24.709 +02:00 [INF] Executed DbCommand (661ms) [Parameters=[@__email_0='?' (Size = 50)], CommandType='"Text"', CommandTimeout='30']
SELECT TOP(1) [u].[Id], [u].[Email], [u].[Name], [u].[Password], [u].[Phone], [u].[Role]
FROM [Users] AS [u]
WHERE [u].[Email] = @__email_0
2026-01-20 21:39:27.607 +02:00 [INF] Executing BadRequestObjectResult, writing value of type '<>f__AnonymousType1`1[[System.String, System.Private.CoreLib, Version=8.0.0.0, Culture=neutral, PublicKeyToken=7cec85d7bea7798e]]'.
2026-01-20 21:39:27.606 +02:00 [INF] Executing BadRequestObjectResult, writing value of type '<>f__AnonymousType1`1[[System.String, System.Private.CoreLib, Version=8.0.0.0, Culture=neutral, PublicKeyToken=7cec85d7bea7798e]]'.
2026-01-20 21:39:27.650 +02:00 [INF] Executed action projectApiAngular.Controllers.AuthController.Login (projectApiAngular) in 6597.1144ms
2026-01-20 21:39:27.650 +02:00 [INF] Executed action projectApiAngular.Controllers.AuthController.Login (projectApiAngular) in 11722.7675ms
2026-01-20 21:39:27.652 +02:00 [INF] Executed endpoint 'projectApiAngular.Controllers.AuthController.Login (projectApiAngular)'
2026-01-20 21:39:27.652 +02:00 [INF] Executed endpoint 'projectApiAngular.Controllers.AuthController.Login (projectApiAngular)'
2026-01-20 21:39:27.655 +02:00 [INF] Completed POST /api/auth/login responded 400 in 13397ms
2026-01-20 21:39:27.655 +02:00 [INF] Completed POST /api/auth/login responded 400 in 6629ms
2026-01-20 21:39:27.683 +02:00 [INF] Request finished HTTP/2 POST https://localhost:7097/api/auth/login - 400 null application/json; charset=utf-8 13430.0723ms
2026-01-20 21:39:27.685 +02:00 [INF] Request finished HTTP/2 POST https://localhost:7097/api/auth/login - 400 null application/json; charset=utf-8 6657.6063ms
2026-01-20 21:39:38.959 +02:00 [INF] Request starting HTTP/2 OPTIONS https://localhost:7097/api/auth/login - null null
2026-01-20 21:39:38.959 +02:00 [INF] Incoming Request: OPTIONS /api/auth/login
2026-01-20 21:39:38.960 +02:00 [INF] CORS policy execution successful.
2026-01-20 21:39:38.960 +02:00 [INF] Completed OPTIONS /api/auth/login responded 204 in 0ms
2026-01-20 21:39:38.960 +02:00 [INF] Request finished HTTP/2 OPTIONS https://localhost:7097/api/auth/login - 204 null null 2.5966ms
2026-01-20 21:39:38.963 +02:00 [INF] Request starting HTTP/2 POST https://localhost:7097/api/auth/login - application/json 55
2026-01-20 21:39:38.963 +02:00 [INF] Incoming Request: POST /api/auth/login
2026-01-20 21:39:38.963 +02:00 [INF] CORS policy execution successful.
2026-01-20 21:39:38.969 +02:00 [INF] Failed to validate the token.
Microsoft.IdentityModel.Tokens.SecurityTokenExpiredException: IDX10223: Lifetime validation failed. The token is expired. ValidTo (UTC): '18/01/2026 22:32:27', Current time (UTC): '20/01/2026 19:39:38'.
   at Microsoft.IdentityModel.Tokens.ValidatorUtilities.ValidateLifetime(Nullable`1 notBefore, Nullable`1 expires, SecurityToken securityToken, TokenValidationParameters validationParameters)
   at Microsoft.IdentityModel.Tokens.Validators.ValidateLifetime(Nullable`1 notBefore, Nullable`1 expires, SecurityToken securityToken, TokenValidationParameters validationParameters)
   at Microsoft.IdentityModel.JsonWebTokens.JsonWebTokenHandler.ValidateTokenPayloadAsync(JsonWebToken jsonWebToken, TokenValidationParameters validationParameters, BaseConfiguration configuration)
   at Microsoft.IdentityModel.JsonWebTokens.JsonWebTokenHandler.ValidateJWSAsync(JsonWebToken jsonWebToken, TokenValidationParameters validationParameters, BaseConfiguration configuration)
2026-01-20 21:39:38.969 +02:00 [INF] Bearer was not authenticated. Failure message: IDX10223: Lifetime validation failed. The token is expired. ValidTo (UTC): '18/01/2026 22:32:27', Current time (UTC): '20/01/2026 19:39:38'.
2026-01-20 21:39:38.970 +02:00 [INF] Executing endpoint 'projectApiAngular.Controllers.AuthController.Login (projectApiAngular)'
2026-01-20 21:39:38.970 +02:00 [INF] Route matched with {action = "Login", controller = "Auth"}. Executing controller action with signature System.Threading.Tasks.Task`1[Microsoft.AspNetCore.Mvc.IActionResult] Login(LoginDto) on controller projectApiAngular.Controllers.AuthController (projectApiAngular).
2026-01-20 21:39:39.105 +02:00 [INF] Executed DbCommand (9ms) [Parameters=[@__email_0='?' (Size = 50)], CommandType='"Text"', CommandTimeout='30']
SELECT TOP(1) [u].[Id], [u].[Email], [u].[Name], [u].[Password], [u].[Phone], [u].[Role]
FROM [Users] AS [u]
WHERE [u].[Email] = @__email_0
2026-01-20 21:39:39.758 +02:00 [INF] Executing BadRequestObjectResult, writing value of type '<>f__AnonymousType1`1[[System.String, System.Private.CoreLib, Version=8.0.0.0, Culture=neutral, PublicKeyToken=7cec85d7bea7798e]]'.
2026-01-20 21:39:39.759 +02:00 [INF] Executed action projectApiAngular.Controllers.AuthController.Login (projectApiAngular) in 788.9654ms
2026-01-20 21:39:39.759 +02:00 [INF] Executed endpoint 'projectApiAngular.Controllers.AuthController.Login (projectApiAngular)'
2026-01-20 21:39:39.759 +02:00 [INF] Completed POST /api/auth/login responded 400 in 796ms
2026-01-20 21:39:39.760 +02:00 [INF] Request finished HTTP/2 POST https://localhost:7097/api/auth/login - 400 null application/json; charset=utf-8 797.49ms
2026-01-20 21:40:04.377 +02:00 [INF] Request starting HTTP/2 OPTIONS https://localhost:7097/api/auth/login - null null
2026-01-20 21:40:04.377 +02:00 [INF] Incoming Request: OPTIONS /api/auth/login
2026-01-20 21:40:04.377 +02:00 [INF] CORS policy execution successful.
2026-01-20 21:40:04.378 +02:00 [INF] Completed OPTIONS /api/auth/login responded 204 in 0ms
2026-01-20 21:40:04.378 +02:00 [INF] Request finished HTTP/2 OPTIONS https://localhost:7097/api/auth/login - 204 null null 1.3815ms
2026-01-20 21:40:04.380 +02:00 [INF] Request starting HTTP/2 POST https://localhost:7097/api/auth/login - application/json 55
2026-01-20 21:40:04.380 +02:00 [INF] Incoming Request: POST /api/auth/login
2026-01-20 21:40:04.380 +02:00 [INF] CORS policy execution successful.
2026-01-20 21:40:04.381 +02:00 [INF] Failed to validate the token.
Microsoft.IdentityModel.Tokens.SecurityTokenExpiredException: IDX10223: Lifetime validation failed. The token is expired. ValidTo (UTC): '18/01/2026 22:32:27', Current time (UTC): '20/01/2026 19:40:04'.
   at Microsoft.IdentityModel.Tokens.ValidatorUtilities.ValidateLifetime(Nullable`1 notBefore, Nullable`1 expires, SecurityToken securityToken, TokenValidationParameters validationParameters)
   at Microsoft.IdentityModel.Tokens.Validators.ValidateLifetime(Nullable`1 notBefore, Nullable`1 expires, SecurityToken securityToken, TokenValidationParameters validationParameters)
   at Microsoft.IdentityModel.JsonWebTokens.JsonWebTokenHandler.ValidateTokenPayloadAsync(JsonWebToken jsonWebToken, TokenValidationParameters validationParameters, BaseConfiguration configuration)
   at Microsoft.IdentityModel.JsonWebTokens.JsonWebTokenHandler.ValidateJWSAsync(JsonWebToken jsonWebToken, TokenValidationParameters validationParameters, BaseConfiguration configuration)
2026-01-20 21:40:04.382 +02:00 [INF] Bearer was not authenticated. Failure message: IDX10223: Lifetime validation failed. The token is expired. ValidTo (UTC): '18/01/2026 22:32:27', Current time (UTC): '20/01/2026 19:40:04'.
2026-01-20 21:40:04.382 +02:00 [INF] Executing endpoint 'projectApiAngular.Controllers.AuthController.Login (projectApiAngular)'
2026-01-20 21:40:04.382 +02:00 [INF] Route matched with {action = "Login", controller = "Auth"}. Executing controller action with signature System.Threading.Tasks.Task`1[Microsoft.AspNetCore.Mvc.IActionResult] Login(LoginDto) on controller projectApiAngular.Controllers.AuthController (projectApiAngular).
2026-01-20 21:40:04.397 +02:00 [INF] Executed DbCommand (13ms) [Parameters=[@__email_0='?' (Size = 50)], CommandType='"Text"', CommandTimeout='30']
SELECT TOP(1) [u].[Id], [u].[Email], [u].[Name], [u].[Password], [u].[Phone], [u].[Role]
FROM [Users] AS [u]
WHERE [u].[Email] = @__email_0
2026-01-20 21:40:04.794 +02:00 [INF] Executing OkObjectResult, writing value of type '<>f__AnonymousType0`1[[System.String, System.Private.CoreLib, Version=8.0.0.0, Culture=neutral, PublicKeyToken=7cec85d7bea7798e]]'.
2026-01-20 21:40:04.796 +02:00 [INF] Executed action projectApiAngular.Controllers.AuthController.Login (projectApiAngular) in 413.8456ms
2026-01-20 21:40:04.796 +02:00 [INF] Executed endpoint 'projectApiAngular.Controllers.AuthController.Login (projectApiAngular)'
2026-01-20 21:40:04.796 +02:00 [INF] Completed POST /api/auth/login responded 200 in 415ms
2026-01-20 21:40:04.797 +02:00 [INF] Request finished HTTP/2 POST https://localhost:7097/api/auth/login - 200 null application/json; charset=utf-8 416.9823ms
2026-01-20 21:40:09.742 +02:00 [INF] Request starting HTTP/2 OPTIONS https://localhost:7097/api/Donner - null null
2026-01-20 21:40:09.742 +02:00 [INF] Incoming Request: OPTIONS /api/Donner
2026-01-20 21:40:09.742 +02:00 [INF] CORS policy execution successful.
2026-01-20 21:40:09.743 +02:00 [INF] Completed OPTIONS /api/Donner responded 204 in 0ms
2026-01-20 21:40:09.743 +02:00 [INF] Request finished HTTP/2 OPTIONS https://localhost:7097/api/Donner - 204 null null 0.6215ms
2026-01-20 21:40:09.746 +02:00 [INF] Request starting HTTP/2 GET https://localhost:7097/api/Donner - null null
2026-01-20 21:40:09.747 +02:00 [INF] Incoming Request: GET /api/Donner
2026-01-20 21:40:09.747 +02:00 [INF] CORS policy execution successful.
2026-01-20 21:40:09.784 +02:00 [INF] Executing endpoint 'projectApiAngular.Controllers.DonnerController.GetAllDonners (projectApiAngular)'
2026-01-20 21:40:09.793 +02:00 [INF] Route matched with {action = "GetAllDonners", controller = "Donner"}. Executing controller action with signature System.Threading.Tasks.Task`1[Microsoft.AspNetCore.Mvc.IActionResult] GetAllDonners() on controller projectApiAngular.Controllers.DonnerController (projectApiAngular).
2026-01-20 21:40:09.826 +02:00 [INF] Executed DbCommand (8ms) [Parameters=[], CommandType='"Text"', CommandTimeout='30']
SELECT [d].[Id], [d].[Email], [d].[Name], [d].[Phone]
FROM [Doners] AS [d]
2026-01-20 21:40:09.847 +02:00 [INF] Executing OkObjectResult, writing value of type 'System.Linq.Enumerable+SelectListIterator`2[[projectApiAngular.Models.Donner, projectApiAngular, Version=1.0.0.0, Culture=neutral, PublicKeyToken=null],[projectApiAngular.DTO.DonnerDto+ReadDonnerDto, projectApiAngular, Version=1.0.0.0, Culture=neutral, PublicKeyToken=null]]'.
2026-01-20 21:40:09.853 +02:00 [INF] Executed action projectApiAngular.Controllers.DonnerController.GetAllDonners (projectApiAngular) in 59.8228ms
2026-01-20 21:40:09.854 +02:00 [INF] Executed endpoint 'projectApiAngular.Controllers.DonnerController.GetAllDonners (projectApiAngular)'
2026-01-20 21:40:09.854 +02:00 [INF] Completed GET /api/Donner responded 200 in 107ms
2026-01-20 21:40:09.854 +02:00 [INF] Request finished HTTP/2 GET https://localhost:7097/api/Donner - 200 null application/json; charset=utf-8 108.0628ms
2026-01-20 21:40:16.847 +02:00 [INF] Request starting HTTP/2 OPTIONS https://localhost:7097/api/Donner/1 - null null
2026-01-20 21:40:16.847 +02:00 [INF] Incoming Request: OPTIONS /api/Donner/1
2026-01-20 21:40:16.847 +02:00 [INF] CORS policy execution successful.
2026-01-20 21:40:16.847 +02:00 [INF] Completed OPTIONS /api/Donner/1 responded 204 in 0ms
2026-01-20 21:40:16.847 +02:00 [INF] Request finished HTTP/2 OPTIONS https://localhost:7097/api/Donner/1 - 204 null null 1.0972ms
2026-01-20 21:40:16.850 +02:00 [INF] Request starting HTTP/2 PUT https://localhost:7097/api/Donner/1 - application/json 70
2026-01-20 21:40:16.850 +02:00 [INF] Incoming Request: PUT /api/Donner/1
2026-01-20 21:40:16.850 +02:00 [INF] CORS policy execution successful.
2026-01-20 21:40:16.854 +02:00 [INF] Executing endpoint 'projectApiAngular.Controllers.DonnerController.UpdateDonner (projectApiAngular)'
2026-01-20 21:40:16.867 +02:00 [INF] Route matched with {action = "UpdateDonner", controller = "Donner"}. Executing controller action with signature System.Threading.Tasks.Task`1[Microsoft.AspNetCore.Mvc.IActionResult] UpdateDonner(Int32, UpdateDonnerDto) on controller projectApiAngular.Controllers.DonnerController (projectApiAngular).
2026-01-20 21:40:17.065 +02:00 [INF] Executed DbCommand (12ms) [Parameters=[@__id_0='?' (DbType = Int32)], CommandType='"Text"', CommandTimeout='30']
SELECT [t].[Id], [t].[Email], [t].[Name], [t].[Phone], [g].[Id], [g].[CategoryId], [g].[Description], [g].[DonerId], [g].[ImagePath], [g].[Name], [g].[Price], [g].[WinnerId]
FROM (
    SELECT TOP(1) [d].[Id], [d].[Email], [d].[Name], [d].[Phone]
    FROM [Doners] AS [d]
    WHERE [d].[Id] = @__id_0
) AS [t]
LEFT JOIN [Gifts] AS [g] ON [t].[Id] = [g].[DonerId]
ORDER BY [t].[Id]
2026-01-20 21:40:17.135 +02:00 [INF] Executed DbCommand (5ms) [Parameters=[@__email_0='?' (Size = 50)], CommandType='"Text"', CommandTimeout='30']
SELECT TOP(1) [d].[Id], [d].[Email], [d].[Name], [d].[Phone]
FROM [Doners] AS [d]
WHERE [d].[Email] = @__email_0
2026-01-20 21:40:17.301 +02:00 [INF] Executed DbCommand (16ms) [Parameters=[@p1='?' (DbType = Int32), @p0='?' (Size = 50)], CommandType='"Text"', CommandTimeout='30']
SET IMPLICIT_TRANSACTIONS OFF;
SET NOCOUNT ON;
UPDATE [Doners] SET [Name] = @p0
OUTPUT 1
WHERE [Id] = @p1;
2026-01-20 21:40:17.321 +02:00 [INF] Executing OkObjectResult, writing value of type 'projectApiAngular.DTO.DonnerDto+ReadDonnerDto'.
2026-01-20 21:40:17.322 +02:00 [INF] Executed action projectApiAngular.Controllers.DonnerController.UpdateDonner (projectApiAngular) in 454.1069ms
2026-01-20 21:40:17.322 +02:00 [INF] Executed endpoint 'projectApiAngular.Controllers.DonnerController.UpdateDonner (projectApiAngular)'
2026-01-20 21:40:17.322 +02:00 [INF] Completed PUT /api/Donner/1 responded 200 in 471ms
2026-01-20 21:40:17.322 +02:00 [INF] Request finished HTTP/2 PUT https://localhost:7097/api/Donner/1 - 200 null application/json; charset=utf-8 472.7328ms
2026-01-20 21:40:23.521 +02:00 [INF] Request starting HTTP/2 OPTIONS https://localhost:7097/api/Gift - null null
2026-01-20 21:40:23.521 +02:00 [INF] Request starting HTTP/2 OPTIONS https://localhost:7097/api/Donner - null null
2026-01-20 21:40:23.521 +02:00 [INF] Incoming Request: OPTIONS /api/Gift
2026-01-20 21:40:23.521 +02:00 [INF] Incoming Request: OPTIONS /api/Donner
2026-01-20 21:40:23.521 +02:00 [INF] CORS policy execution successful.
2026-01-20 21:40:23.521 +02:00 [INF] CORS policy execution successful.
2026-01-20 21:40:23.521 +02:00 [INF] Completed OPTIONS /api/Gift responded 204 in 0ms
2026-01-20 21:40:23.521 +02:00 [INF] Completed OPTIONS /api/Donner responded 204 in 0ms
2026-01-20 21:40:23.521 +02:00 [INF] Request finished HTTP/2 OPTIONS https://localhost:7097/api/Gift - 204 null null 1.2221ms
2026-01-20 21:40:23.522 +02:00 [INF] Request finished HTTP/2 OPTIONS https://localhost:7097/api/Donner - 204 null null 0.6139ms
2026-01-20 21:40:23.525 +02:00 [INF] Request starting HTTP/2 GET https://localhost:7097/api/Gift - null null
2026-01-20 21:40:23.525 +02:00 [INF] Incoming Request: GET /api/Gift
2026-01-20 21:40:23.528 +02:00 [INF] CORS policy execution successful.
2026-01-20 21:40:23.530 +02:00 [INF] Request starting HTTP/2 GET https://localhost:7097/api/Donner - null null
2026-01-20 21:40:23.535 +02:00 [INF] Incoming Request: GET /api/Donner
2026-01-20 21:40:23.535 +02:00 [INF] CORS policy execution successful.
2026-01-20 21:40:23.537 +02:00 [INF] Executing endpoint 'projectApiAngular.Controllers.GiftController.GetAllGifts (projectApiAngular)'
2026-01-20 21:40:23.537 +02:00 [INF] Executing endpoint 'projectApiAngular.Controllers.DonnerController.GetAllDonners (projectApiAngular)'
2026-01-20 21:40:23.537 +02:00 [INF] Route matched with {action = "GetAllDonners", controller = "Donner"}. Executing controller action with signature System.Threading.Tasks.Task`1[Microsoft.AspNetCore.Mvc.IActionResult] GetAllDonners() on controller projectApiAngular.Controllers.DonnerController (projectApiAngular).
2026-01-20 21:40:23.543 +02:00 [INF] Executed DbCommand (1ms) [Parameters=[], CommandType='"Text"', CommandTimeout='30']
SELECT [d].[Id], [d].[Email], [d].[Name], [d].[Phone]
FROM [Doners] AS [d]
2026-01-20 21:40:23.545 +02:00 [INF] Route matched with {action = "GetAllGifts", controller = "Gift"}. Executing controller action with signature System.Threading.Tasks.Task`1[Microsoft.AspNetCore.Mvc.IActionResult] GetAllGifts() on controller projectApiAngular.Controllers.GiftController (projectApiAngular).
2026-01-20 21:40:23.546 +02:00 [INF] Executing OkObjectResult, writing value of type 'System.Linq.Enumerable+SelectListIterator`2[[projectApiAngular.Models.Donner, projectApiAngular, Version=1.0.0.0, Culture=neutral, PublicKeyToken=null],[projectApiAngular.DTO.DonnerDto+ReadDonnerDto, projectApiAngular, Version=1.0.0.0, Culture=neutral, PublicKeyToken=null]]'.
2026-01-20 21:40:23.547 +02:00 [INF] Executed action projectApiAngular.Controllers.DonnerController.GetAllDonners (projectApiAngular) in 9.7489ms
2026-01-20 21:40:23.547 +02:00 [INF] Executed endpoint 'projectApiAngular.Controllers.DonnerController.GetAllDonners (projectApiAngular)'
2026-01-20 21:40:23.547 +02:00 [INF] Completed GET /api/Donner responded 200 in 12ms
2026-01-20 21:40:23.547 +02:00 [INF] Request finished HTTP/2 GET https://localhost:7097/api/Donner - 200 null application/json; charset=utf-8 16.72ms
2026-01-20 21:40:23.602 +02:00 [INF] Executed DbCommand (13ms) [Parameters=[], CommandType='"Text"', CommandTimeout='30']
SELECT [g].[Id], [g].[CategoryId], [g].[Description], [g].[DonerId], [g].[ImagePath], [g].[Name], [g].[Price], [g].[WinnerId], [c].[Id], [c].[Name], [d].[Id], [d].[Email], [d].[Name], [d].[Phone]
FROM [Gifts] AS [g]
INNER JOIN [Categories] AS [c] ON [g].[CategoryId] = [c].[Id]
INNER JOIN [Doners] AS [d] ON [g].[DonerId] = [d].[Id]
2026-01-20 21:40:23.624 +02:00 [INF] Executing OkObjectResult, writing value of type 'System.Linq.Enumerable+SelectListIterator`2[[projectApiAngular.Models.Gift, projectApiAngular, Version=1.0.0.0, Culture=neutral, PublicKeyToken=null],[projectApiAngular.DTO.GiftDto+ReadGiftDto, projectApiAngular, Version=1.0.0.0, Culture=neutral, PublicKeyToken=null]]'.
2026-01-20 21:40:23.630 +02:00 [INF] Executed action projectApiAngular.Controllers.GiftController.GetAllGifts (projectApiAngular) in 84.3468ms
2026-01-20 21:40:23.630 +02:00 [INF] Executed endpoint 'projectApiAngular.Controllers.GiftController.GetAllGifts (projectApiAngular)'
2026-01-20 21:40:23.630 +02:00 [INF] Completed GET /api/Gift responded 200 in 105ms
2026-01-20 21:40:23.630 +02:00 [INF] Request finished HTTP/2 GET https://localhost:7097/api/Gift - 200 null application/json; charset=utf-8 105.6686ms
2026-01-20 21:40:33.791 +02:00 [INF] Request starting HTTP/2 OPTIONS https://localhost:7097/api/Gift/freezer - null null
2026-01-20 21:40:33.792 +02:00 [INF] Incoming Request: OPTIONS /api/Gift/freezer
2026-01-20 21:40:33.792 +02:00 [INF] CORS policy execution successful.
2026-01-20 21:40:33.793 +02:00 [INF] Completed OPTIONS /api/Gift/freezer responded 204 in 0ms
2026-01-20 21:40:33.793 +02:00 [INF] Request finished HTTP/2 OPTIONS https://localhost:7097/api/Gift/freezer - 204 null null 1.5424ms
2026-01-20 21:40:33.795 +02:00 [INF] Request starting HTTP/2 PATCH https://localhost:7097/api/Gift/freezer - application/json 102
2026-01-20 21:40:33.796 +02:00 [INF] Incoming Request: PATCH /api/Gift/freezer
2026-01-20 21:40:33.796 +02:00 [INF] CORS policy execution successful.
2026-01-20 21:40:33.797 +02:00 [INF] Executing endpoint 'projectApiAngular.Controllers.GiftController.UpdateGift (projectApiAngular)'
2026-01-20 21:40:33.804 +02:00 [INF] Route matched with {action = "UpdateGift", controller = "Gift"}. Executing controller action with signature System.Threading.Tasks.Task`1[Microsoft.AspNetCore.Mvc.IActionResult] UpdateGift(System.String, UpdateGiftDto) on controller projectApiAngular.Controllers.GiftController (projectApiAngular).
2026-01-20 21:40:33.857 +02:00 [INF] Executed DbCommand (11ms) [Parameters=[@__name_0='?' (Size = 50)], CommandType='"Text"', CommandTimeout='30']
SELECT TOP(1) [g].[Id], [g].[CategoryId], [g].[Description], [g].[DonerId], [g].[ImagePath], [g].[Name], [g].[Price], [g].[WinnerId], [c].[Id], [c].[Name], [d].[Id], [d].[Email], [d].[Name], [d].[Phone]
FROM [Gifts] AS [g]
INNER JOIN [Categories] AS [c] ON [g].[CategoryId] = [c].[Id]
INNER JOIN [Doners] AS [d] ON [g].[DonerId] = [d].[Id]
WHERE [g].[Name] = @__name_0
2026-01-20 21:40:33.895 +02:00 [INF] Executed DbCommand (10ms) [Parameters=[@p1='?' (DbType = Int32), @p0='?' (Size = 50)], CommandType='"Text"', CommandTimeout='30']
SET IMPLICIT_TRANSACTIONS OFF;
SET NOCOUNT ON;
UPDATE [Gifts] SET [Name] = @p0
OUTPUT 1
WHERE [Id] = @p1;
2026-01-20 21:40:33.897 +02:00 [INF] Executing OkObjectResult, writing value of type 'projectApiAngular.DTO.GiftDto+ReadGiftDto'.
2026-01-20 21:40:33.897 +02:00 [INF] Executed action projectApiAngular.Controllers.GiftController.UpdateGift (projectApiAngular) in 92.7999ms
2026-01-20 21:40:33.897 +02:00 [INF] Executed endpoint 'projectApiAngular.Controllers.GiftController.UpdateGift (projectApiAngular)'
2026-01-20 21:40:33.897 +02:00 [INF] Completed PATCH /api/Gift/freezer responded 200 in 101ms
2026-01-20 21:40:33.898 +02:00 [INF] Request finished HTTP/2 PATCH https://localhost:7097/api/Gift/freezer - 200 null application/json; charset=utf-8 102.9368ms
2026-01-20 21:40:46.085 +02:00 [INF] Request starting HTTP/2 OPTIONS https://localhost:7097/api/Gift/freezer4 - null null
2026-01-20 21:40:46.085 +02:00 [INF] Incoming Request: OPTIONS /api/Gift/freezer4
2026-01-20 21:40:46.085 +02:00 [INF] CORS policy execution successful.
2026-01-20 21:40:46.086 +02:00 [INF] Completed OPTIONS /api/Gift/freezer4 responded 204 in 0ms
2026-01-20 21:40:46.086 +02:00 [INF] Request finished HTTP/2 OPTIONS https://localhost:7097/api/Gift/freezer4 - 204 null null 1.5432ms
2026-01-20 21:40:46.089 +02:00 [INF] Request starting HTTP/2 PATCH https://localhost:7097/api/Gift/freezer4 - application/json 102
2026-01-20 21:40:46.089 +02:00 [INF] Incoming Request: PATCH /api/Gift/freezer4
2026-01-20 21:40:46.089 +02:00 [INF] CORS policy execution successful.
2026-01-20 21:40:46.091 +02:00 [INF] Executing endpoint 'projectApiAngular.Controllers.GiftController.UpdateGift (projectApiAngular)'
2026-01-20 21:40:46.091 +02:00 [INF] Route matched with {action = "UpdateGift", controller = "Gift"}. Executing controller action with signature System.Threading.Tasks.Task`1[Microsoft.AspNetCore.Mvc.IActionResult] UpdateGift(System.String, UpdateGiftDto) on controller projectApiAngular.Controllers.GiftController (projectApiAngular).
2026-01-20 21:40:46.100 +02:00 [INF] Executed DbCommand (3ms) [Parameters=[@__name_0='?' (Size = 50)], CommandType='"Text"', CommandTimeout='30']
SELECT TOP(1) [g].[Id], [g].[CategoryId], [g].[Description], [g].[DonerId], [g].[ImagePath], [g].[Name], [g].[Price], [g].[WinnerId], [c].[Id], [c].[Name], [d].[Id], [d].[Email], [d].[Name], [d].[Phone]
FROM [Gifts] AS [g]
INNER JOIN [Categories] AS [c] ON [g].[CategoryId] = [c].[Id]
INNER JOIN [Doners] AS [d] ON [g].[DonerId] = [d].[Id]
WHERE [g].[Name] = @__name_0
2026-01-20 21:40:46.107 +02:00 [INF] Executed DbCommand (3ms) [Parameters=[@p1='?' (DbType = Int32), @p0='?' (Size = 50)], CommandType='"Text"', CommandTimeout='30']
SET IMPLICIT_TRANSACTIONS OFF;
SET NOCOUNT ON;
UPDATE [Gifts] SET [Name] = @p0
OUTPUT 1
WHERE [Id] = @p1;
2026-01-20 21:40:46.108 +02:00 [INF] Executing OkObjectResult, writing value of type 'projectApiAngular.DTO.GiftDto+ReadGiftDto'.
2026-01-20 21:40:46.108 +02:00 [INF] Executed action projectApiAngular.Controllers.GiftController.UpdateGift (projectApiAngular) in 17.4295ms
2026-01-20 21:40:46.108 +02:00 [INF] Executed endpoint 'projectApiAngular.Controllers.GiftController.UpdateGift (projectApiAngular)'
2026-01-20 21:40:46.109 +02:00 [INF] Completed PATCH /api/Gift/freezer4 responded 200 in 19ms
2026-01-20 21:40:46.109 +02:00 [INF] Request finished HTTP/2 PATCH https://localhost:7097/api/Gift/freezer4 - 200 null application/json; charset=utf-8 20.6965ms
2026-01-20 21:40:54.006 +02:00 [INF] Request starting HTTP/2 OPTIONS https://localhost:7097/api/Gift/freezer= - null null
2026-01-20 21:40:54.006 +02:00 [INF] Incoming Request: OPTIONS /api/Gift/freezer=
2026-01-20 21:40:54.006 +02:00 [INF] CORS policy execution successful.
2026-01-20 21:40:54.006 +02:00 [INF] Completed OPTIONS /api/Gift/freezer= responded 204 in 0ms
2026-01-20 21:40:54.006 +02:00 [INF] Request finished HTTP/2 OPTIONS https://localhost:7097/api/Gift/freezer= - 204 null null 0.9467ms
2026-01-20 21:40:54.009 +02:00 [INF] Request starting HTTP/2 PATCH https://localhost:7097/api/Gift/freezer= - application/json 101
2026-01-20 21:40:54.009 +02:00 [INF] Incoming Request: PATCH /api/Gift/freezer=
2026-01-20 21:40:54.009 +02:00 [INF] CORS policy execution successful.
2026-01-20 21:40:54.010 +02:00 [INF] Executing endpoint 'projectApiAngular.Controllers.GiftController.UpdateGift (projectApiAngular)'
2026-01-20 21:40:54.010 +02:00 [INF] Route matched with {action = "UpdateGift", controller = "Gift"}. Executing controller action with signature System.Threading.Tasks.Task`1[Microsoft.AspNetCore.Mvc.IActionResult] UpdateGift(System.String, UpdateGiftDto) on controller projectApiAngular.Controllers.GiftController (projectApiAngular).
2026-01-20 21:40:54.032 +02:00 [INF] Executed DbCommand (20ms) [Parameters=[@__name_0='?' (Size = 50)], CommandType='"Text"', CommandTimeout='30']
SELECT TOP(1) [g].[Id], [g].[CategoryId], [g].[Description], [g].[DonerId], [g].[ImagePath], [g].[Name], [g].[Price], [g].[WinnerId], [c].[Id], [c].[Name], [d].[Id], [d].[Email], [d].[Name], [d].[Phone]
FROM [Gifts] AS [g]
INNER JOIN [Categories] AS [c] ON [g].[CategoryId] = [c].[Id]
INNER JOIN [Doners] AS [d] ON [g].[DonerId] = [d].[Id]
WHERE [g].[Name] = @__name_0
2026-01-20 21:40:54.042 +02:00 [INF] Executed DbCommand (8ms) [Parameters=[@p1='?' (DbType = Int32), @p0='?' (Size = 50)], CommandType='"Text"', CommandTimeout='30']
SET IMPLICIT_TRANSACTIONS OFF;
SET NOCOUNT ON;
UPDATE [Gifts] SET [Name] = @p0
OUTPUT 1
WHERE [Id] = @p1;
2026-01-20 21:40:54.042 +02:00 [INF] Executing OkObjectResult, writing value of type 'projectApiAngular.DTO.GiftDto+ReadGiftDto'.
2026-01-20 21:40:54.043 +02:00 [INF] Executed action projectApiAngular.Controllers.GiftController.UpdateGift (projectApiAngular) in 32.5357ms
2026-01-20 21:40:54.043 +02:00 [INF] Executed endpoint 'projectApiAngular.Controllers.GiftController.UpdateGift (projectApiAngular)'
2026-01-20 21:40:54.043 +02:00 [INF] Completed PATCH /api/Gift/freezer= responded 200 in 33ms
2026-01-20 21:40:54.043 +02:00 [INF] Request finished HTTP/2 PATCH https://localhost:7097/api/Gift/freezer= - 200 null application/json; charset=utf-8 34.5049ms
2026-01-20 21:40:58.424 +02:00 [INF] Request starting HTTP/2 OPTIONS https://localhost:7097/api/Gift/freezer - null null
2026-01-20 21:40:58.424 +02:00 [INF] Incoming Request: OPTIONS /api/Gift/freezer
2026-01-20 21:40:58.424 +02:00 [INF] CORS policy execution successful.
2026-01-20 21:40:58.424 +02:00 [INF] Completed OPTIONS /api/Gift/freezer responded 204 in 0ms
2026-01-20 21:40:58.424 +02:00 [INF] Request finished HTTP/2 OPTIONS https://localhost:7097/api/Gift/freezer - 204 null null 0.5069ms
2026-01-20 21:40:58.427 +02:00 [INF] Request starting HTTP/2 PATCH https://localhost:7097/api/Gift/freezer - application/json 102
2026-01-20 21:40:58.427 +02:00 [INF] Incoming Request: PATCH /api/Gift/freezer
2026-01-20 21:40:58.427 +02:00 [INF] CORS policy execution successful.
2026-01-20 21:40:58.428 +02:00 [INF] Executing endpoint 'projectApiAngular.Controllers.GiftController.UpdateGift (projectApiAngular)'
2026-01-20 21:40:58.428 +02:00 [INF] Route matched with {action = "UpdateGift", controller = "Gift"}. Executing controller action with signature System.Threading.Tasks.Task`1[Microsoft.AspNetCore.Mvc.IActionResult] UpdateGift(System.String, UpdateGiftDto) on controller projectApiAngular.Controllers.GiftController (projectApiAngular).
2026-01-20 21:40:58.433 +02:00 [INF] Executed DbCommand (3ms) [Parameters=[@__name_0='?' (Size = 50)], CommandType='"Text"', CommandTimeout='30']
SELECT TOP(1) [g].[Id], [g].[CategoryId], [g].[Description], [g].[DonerId], [g].[ImagePath], [g].[Name], [g].[Price], [g].[WinnerId], [c].[Id], [c].[Name], [d].[Id], [d].[Email], [d].[Name], [d].[Phone]
FROM [Gifts] AS [g]
INNER JOIN [Categories] AS [c] ON [g].[CategoryId] = [c].[Id]
INNER JOIN [Doners] AS [d] ON [g].[DonerId] = [d].[Id]
WHERE [g].[Name] = @__name_0
2026-01-20 21:40:58.439 +02:00 [INF] Executed DbCommand (2ms) [Parameters=[@p1='?' (DbType = Int32), @p0='?' (Size = 50)], CommandType='"Text"', CommandTimeout='30']
SET IMPLICIT_TRANSACTIONS OFF;
SET NOCOUNT ON;
UPDATE [Gifts] SET [Name] = @p0
OUTPUT 1
WHERE [Id] = @p1;
2026-01-20 21:40:58.440 +02:00 [INF] Executing OkObjectResult, writing value of type 'projectApiAngular.DTO.GiftDto+ReadGiftDto'.
2026-01-20 21:40:58.440 +02:00 [INF] Executed action projectApiAngular.Controllers.GiftController.UpdateGift (projectApiAngular) in 12.2146ms
2026-01-20 21:40:58.440 +02:00 [INF] Executed endpoint 'projectApiAngular.Controllers.GiftController.UpdateGift (projectApiAngular)'
2026-01-20 21:40:58.440 +02:00 [INF] Completed PATCH /api/Gift/freezer responded 200 in 13ms
2026-01-20 21:40:58.440 +02:00 [INF] Request finished HTTP/2 PATCH https://localhost:7097/api/Gift/freezer - 200 null application/json; charset=utf-8 13.4921ms
2026-01-20 21:41:05.599 +02:00 [INF] Request starting HTTP/2 OPTIONS https://localhost:7097/api/Gift/freezerA - null null
2026-01-20 21:41:05.599 +02:00 [INF] Incoming Request: OPTIONS /api/Gift/freezerA
2026-01-20 21:41:05.599 +02:00 [INF] CORS policy execution successful.
2026-01-20 21:41:05.599 +02:00 [INF] Completed OPTIONS /api/Gift/freezerA responded 204 in 0ms
2026-01-20 21:41:05.599 +02:00 [INF] Request finished HTTP/2 OPTIONS https://localhost:7097/api/Gift/freezerA - 204 null null 1.4126ms
2026-01-20 21:41:05.602 +02:00 [INF] Request starting HTTP/2 PATCH https://localhost:7097/api/Gift/freezerA - application/json 103
2026-01-20 21:41:05.602 +02:00 [INF] Incoming Request: PATCH /api/Gift/freezerA
2026-01-20 21:41:05.602 +02:00 [INF] CORS policy execution successful.
2026-01-20 21:41:05.603 +02:00 [INF] Executing endpoint 'projectApiAngular.Controllers.GiftController.UpdateGift (projectApiAngular)'
2026-01-20 21:41:05.603 +02:00 [INF] Route matched with {action = "UpdateGift", controller = "Gift"}. Executing controller action with signature System.Threading.Tasks.Task`1[Microsoft.AspNetCore.Mvc.IActionResult] UpdateGift(System.String, UpdateGiftDto) on controller projectApiAngular.Controllers.GiftController (projectApiAngular).
2026-01-20 21:41:05.608 +02:00 [INF] Executed DbCommand (2ms) [Parameters=[@__name_0='?' (Size = 50)], CommandType='"Text"', CommandTimeout='30']
SELECT TOP(1) [g].[Id], [g].[CategoryId], [g].[Description], [g].[DonerId], [g].[ImagePath], [g].[Name], [g].[Price], [g].[WinnerId], [c].[Id], [c].[Name], [d].[Id], [d].[Email], [d].[Name], [d].[Phone]
FROM [Gifts] AS [g]
INNER JOIN [Categories] AS [c] ON [g].[CategoryId] = [c].[Id]
INNER JOIN [Doners] AS [d] ON [g].[DonerId] = [d].[Id]
WHERE [g].[Name] = @__name_0
2026-01-20 21:41:05.692 +02:00 [INF] Executed DbCommand (30ms) [Parameters=[@p2='?' (DbType = Int32), @p0='?' (DbType = Int32), @p1='?' (Size = 50)], CommandType='"Text"', CommandTimeout='30']
SET IMPLICIT_TRANSACTIONS OFF;
SET NOCOUNT ON;
UPDATE [Gifts] SET [CategoryId] = @p0, [Name] = @p1
OUTPUT 1
WHERE [Id] = @p2;
2026-01-20 21:41:05.728 +02:00 [ERR] An exception occurred in the database while saving changes for context type 'projectApiAngular.Data.Chinese_SalesDbContext'.
Microsoft.EntityFrameworkCore.DbUpdateException: An error occurred while saving the entity changes. See the inner exception for details.
 ---> Microsoft.Data.SqlClient.SqlException (0x80131904): The UPDATE statement conflicted with the FOREIGN KEY constraint "FK_Gifts_Categories_CategoryId". The conflict occurred in database "Chinese_Sale", table "dbo.Categories", column 'Id'.
   at Microsoft.Data.SqlClient.SqlConnection.OnError(SqlException exception, Boolean breakConnection, Action`1 wrapCloseInAction)
   at Microsoft.Data.SqlClient.SqlInternalConnection.OnError(SqlException exception, Boolean breakConnection, Action`1 wrapCloseInAction)
   at Microsoft.Data.SqlClient.TdsParser.ThrowExceptionAndWarning(TdsParserStateObject stateObj, Boolean callerHasConnectionLock, Boolean asyncClose)
   at Microsoft.Data.SqlClient.TdsParser.TryRun(RunBehavior runBehavior, SqlCommand cmdHandler, SqlDataReader dataStream, BulkCopySimpleResultSet bulkCopyHandler, TdsParserStateObject stateObj, Boolean& dataReady)
   at Microsoft.Data.SqlClient.SqlDataReader.TryHasMoreRows(Boolean& moreRows)
   at Microsoft.Data.SqlClient.SqlDataReader.TryReadInternal(Boolean setTimeout, Boolean& more)
   at Microsoft.Data.SqlClient.SqlDataReader.ReadAsyncExecute(Task task, Object state)
   at Microsoft.Data.SqlClient.SqlDataReader.InvokeAsyncCall[T](SqlDataReaderBaseAsyncCallContext`1 context)
--- End of stack trace from previous location ---
   at Microsoft.EntityFrameworkCore.Update.AffectedCountModificationCommandBatch.ConsumeResultSetWithRowsAffectedOnlyAsync(Int32 commandIndex, RelationalDataReader reader, CancellationToken cancellationToken)
   at Microsoft.EntityFrameworkCore.Update.AffectedCountModificationCommandBatch.ConsumeAsync(RelationalDataReader reader, CancellationToken cancellationToken)
ClientConnectionId:995974b4-5310-42af-ac6c-1e38e57c3c7c
Error Number:547,State:0,Class:16
   --- End of inner exception stack trace ---
   at Microsoft.EntityFrameworkCore.Update.AffectedCountModificationCommandBatch.ConsumeAsync(RelationalDataReader reader, CancellationToken cancellationToken)
   at Microsoft.EntityFrameworkCore.Update.ReaderModificationCommandBatch.ExecuteAsync(IRelationalConnection connection, CancellationToken cancellationToken)
   at Microsoft.EntityFrameworkCore.Update.ReaderModificationCommandBatch.ExecuteAsync(IRelationalConnection connection, CancellationToken cancellationToken)
   at Microsoft.EntityFrameworkCore.SqlServer.Update.Internal.SqlServerModificationCommandBatch.ExecuteAsync(IRelationalConnection connection, CancellationToken cancellationToken)
   at Microsoft.EntityFrameworkCore.Update.Internal.BatchExecutor.ExecuteAsync(IEnumerable`1 commandBatches, IRelationalConnection connection, CancellationToken cancellationToken)
   at Microsoft.EntityFrameworkCore.Update.Internal.BatchExecutor.ExecuteAsync(IEnumerable`1 commandBatches, IRelationalConnection connection, CancellationToken cancellationToken)
   at Microsoft.EntityFrameworkCore.Update.Internal.BatchExecutor.ExecuteAsync(IEnumerable`1 commandBatches, IRelationalConnection connection, CancellationToken cancellationToken)
   at Microsoft.EntityFrameworkCore.ChangeTracking.Internal.StateManager.SaveChangesAsync(IList`1 entriesToSave, CancellationToken cancellationToken)
   at Microsoft.EntityFrameworkCore.ChangeTracking.Internal.StateManager.SaveChangesAsync(StateManager stateManager, Boolean acceptAllChangesOnSuccess, CancellationToken cancellationToken)
   at Microsoft.EntityFrameworkCore.SqlServer.Storage.Internal.SqlServerExecutionStrategy.ExecuteAsync[TState,TResult](TState state, Func`4 operation, Func`4 verifySucceeded, CancellationToken cancellationToken)
   at Microsoft.EntityFrameworkCore.DbContext.SaveChangesAsync(Boolean acceptAllChangesOnSuccess, CancellationToken cancellationToken)
Microsoft.EntityFrameworkCore.DbUpdateException: An error occurred while saving the entity changes. See the inner exception for details.
 ---> Microsoft.Data.SqlClient.SqlException (0x80131904): The UPDATE statement conflicted with the FOREIGN KEY constraint "FK_Gifts_Categories_CategoryId". The conflict occurred in database "Chinese_Sale", table "dbo.Categories", column 'Id'.
   at Microsoft.Data.SqlClient.SqlConnection.OnError(SqlException exception, Boolean breakConnection, Action`1 wrapCloseInAction)
   at Microsoft.Data.SqlClient.SqlInternalConnection.OnError(SqlException exception, Boolean breakConnection, Action`1 wrapCloseInAction)
   at Microsoft.Data.SqlClient.TdsParser.ThrowExceptionAndWarning(TdsParserStateObject stateObj, Boolean callerHasConnectionLock, Boolean asyncClose)
   at Microsoft.Data.SqlClient.TdsParser.TryRun(RunBehavior runBehavior, SqlCommand cmdHandler, SqlDataReader dataStream, BulkCopySimpleResultSet bulkCopyHandler, TdsParserStateObject stateObj, Boolean& dataReady)
   at Microsoft.Data.SqlClient.SqlDataReader.TryHasMoreRows(Boolean& moreRows)
   at Microsoft.Data.SqlClient.SqlDataReader.TryReadInternal(Boolean setTimeout, Boolean& more)
   at Microsoft.Data.SqlClient.SqlDataReader.ReadAsyncExecute(Task task, Object state)
   at Microsoft.Data.SqlClient.SqlDataReader.InvokeAsyncCall[T](SqlDataReaderBaseAsyncCallContext`1 context)
--- End of stack trace from previous location ---
   at Microsoft.EntityFrameworkCore.Update.AffectedCountModificationCommandBatch.ConsumeResultSetWithRowsAffectedOnlyAsync(Int32 commandIndex, RelationalDataReader reader, CancellationToken cancellationToken)
   at Microsoft.EntityFrameworkCore.Update.AffectedCountModificationCommandBatch.ConsumeAsync(RelationalDataReader reader, CancellationToken cancellationToken)
ClientConnectionId:995974b4-5310-42af-ac6c-1e38e57c3c7c
Error Number:547,State:0,Class:16
   --- End of inner exception stack trace ---
   at Microsoft.EntityFrameworkCore.Update.AffectedCountModificationCommandBatch.ConsumeAsync(RelationalDataReader reader, CancellationToken cancellationToken)
   at Microsoft.EntityFrameworkCore.Update.ReaderModificationCommandBatch.ExecuteAsync(IRelationalConnection connection, CancellationToken cancellationToken)
   at Microsoft.EntityFrameworkCore.Update.ReaderModificationCommandBatch.ExecuteAsync(IRelationalConnection connection, CancellationToken cancellationToken)
   at Microsoft.EntityFrameworkCore.SqlServer.Update.Internal.SqlServerModificationCommandBatch.ExecuteAsync(IRelationalConnection connection, CancellationToken cancellationToken)
   at Microsoft.EntityFrameworkCore.Update.Internal.BatchExecutor.ExecuteAsync(IEnumerable`1 commandBatches, IRelationalConnection connection, CancellationToken cancellationToken)
   at Microsoft.EntityFrameworkCore.Update.Internal.BatchExecutor.ExecuteAsync(IEnumerable`1 commandBatches, IRelationalConnection connection, CancellationToken cancellationToken)
   at Microsoft.EntityFrameworkCore.Update.Internal.BatchExecutor.ExecuteAsync(IEnumerable`1 commandBatches, IRelationalConnection connection, CancellationToken cancellationToken)
   at Microsoft.EntityFrameworkCore.ChangeTracking.Internal.StateManager.SaveChangesAsync(IList`1 entriesToSave, CancellationToken cancellationToken)
   at Microsoft.EntityFrameworkCore.ChangeTracking.Internal.StateManager.SaveChangesAsync(StateManager stateManager, Boolean acceptAllChangesOnSuccess, CancellationToken cancellationToken)
   at Microsoft.EntityFrameworkCore.SqlServer.Storage.Internal.SqlServerExecutionStrategy.ExecuteAsync[TState,TResult](TState state, Func`4 operation, Func`4 verifySucceeded, CancellationToken cancellationToken)
   at Microsoft.EntityFrameworkCore.DbContext.SaveChangesAsync(Boolean acceptAllChangesOnSuccess, CancellationToken cancellationToken)
2026-01-20 21:41:05.923 +02:00 [INF] Executing BadRequestObjectResult, writing value of type '<>f__AnonymousType3`1[[System.String, System.Private.CoreLib, Version=8.0.0.0, Culture=neutral, PublicKeyToken=7cec85d7bea7798e]]'.
2026-01-20 21:41:05.924 +02:00 [INF] Executed action projectApiAngular.Controllers.GiftController.UpdateGift (projectApiAngular) in 321.2818ms
2026-01-20 21:41:05.924 +02:00 [INF] Executed endpoint 'projectApiAngular.Controllers.GiftController.UpdateGift (projectApiAngular)'
2026-01-20 21:41:05.925 +02:00 [INF] Completed PATCH /api/Gift/freezerA responded 400 in 322ms
2026-01-20 21:41:05.925 +02:00 [INF] Request finished HTTP/2 PATCH https://localhost:7097/api/Gift/freezerA - 400 null application/json; charset=utf-8 323.3802ms
2026-01-20 21:41:10.949 +02:00 [INF] Request starting HTTP/2 OPTIONS https://localhost:7097/api/Gift/freezerA - null null
2026-01-20 21:41:10.949 +02:00 [INF] Incoming Request: OPTIONS /api/Gift/freezerA
2026-01-20 21:41:10.949 +02:00 [INF] CORS policy execution successful.
2026-01-20 21:41:10.949 +02:00 [INF] Completed OPTIONS /api/Gift/freezerA responded 204 in 0ms
2026-01-20 21:41:10.949 +02:00 [INF] Request finished HTTP/2 OPTIONS https://localhost:7097/api/Gift/freezerA - 204 null null 1.0288ms
2026-01-20 21:41:10.952 +02:00 [INF] Request starting HTTP/2 PATCH https://localhost:7097/api/Gift/freezerA - application/json 103
2026-01-20 21:41:10.952 +02:00 [INF] Incoming Request: PATCH /api/Gift/freezerA
2026-01-20 21:41:10.952 +02:00 [INF] CORS policy execution successful.
2026-01-20 21:41:10.953 +02:00 [INF] Executing endpoint 'projectApiAngular.Controllers.GiftController.UpdateGift (projectApiAngular)'
2026-01-20 21:41:10.953 +02:00 [INF] Route matched with {action = "UpdateGift", controller = "Gift"}. Executing controller action with signature System.Threading.Tasks.Task`1[Microsoft.AspNetCore.Mvc.IActionResult] UpdateGift(System.String, UpdateGiftDto) on controller projectApiAngular.Controllers.GiftController (projectApiAngular).
2026-01-20 21:41:10.956 +02:00 [INF] Executed DbCommand (2ms) [Parameters=[@__name_0='?' (Size = 50)], CommandType='"Text"', CommandTimeout='30']
SELECT TOP(1) [g].[Id], [g].[CategoryId], [g].[Description], [g].[DonerId], [g].[ImagePath], [g].[Name], [g].[Price], [g].[WinnerId], [c].[Id], [c].[Name], [d].[Id], [d].[Email], [d].[Name], [d].[Phone]
FROM [Gifts] AS [g]
INNER JOIN [Categories] AS [c] ON [g].[CategoryId] = [c].[Id]
INNER JOIN [Doners] AS [d] ON [g].[DonerId] = [d].[Id]
WHERE [g].[Name] = @__name_0
2026-01-20 21:41:10.985 +02:00 [INF] Executed DbCommand (25ms) [Parameters=[@p1='?' (DbType = Int32), @p0='?' (Size = 50)], CommandType='"Text"', CommandTimeout='30']
SET IMPLICIT_TRANSACTIONS OFF;
SET NOCOUNT ON;
UPDATE [Gifts] SET [Name] = @p0
OUTPUT 1
WHERE [Id] = @p1;
2026-01-20 21:41:10.986 +02:00 [INF] Executing OkObjectResult, writing value of type 'projectApiAngular.DTO.GiftDto+ReadGiftDto'.
2026-01-20 21:41:10.986 +02:00 [INF] Executed action projectApiAngular.Controllers.GiftController.UpdateGift (projectApiAngular) in 33.2656ms
2026-01-20 21:41:10.986 +02:00 [INF] Executed endpoint 'projectApiAngular.Controllers.GiftController.UpdateGift (projectApiAngular)'
2026-01-20 21:41:10.986 +02:00 [INF] Completed PATCH /api/Gift/freezerA responded 200 in 34ms
2026-01-20 21:41:10.986 +02:00 [INF] Request finished HTTP/2 PATCH https://localhost:7097/api/Gift/freezerA - 200 null application/json; charset=utf-8 35.4732ms
2026-01-20 21:42:08.760 +02:00 [INF] Request starting HTTP/2 OPTIONS https://localhost:7097/api/Gift - null null
2026-01-20 21:42:08.761 +02:00 [INF] Incoming Request: OPTIONS /api/Gift
2026-01-20 21:42:08.763 +02:00 [INF] CORS policy execution successful.
2026-01-20 21:42:08.763 +02:00 [INF] Completed OPTIONS /api/Gift responded 204 in 1ms
2026-01-20 21:42:08.763 +02:00 [INF] Request finished HTTP/2 OPTIONS https://localhost:7097/api/Gift - 204 null null 3.6562ms
2026-01-20 21:42:08.769 +02:00 [INF] Request starting HTTP/2 POST https://localhost:7097/api/Gift - application/json 104
2026-01-20 21:42:08.772 +02:00 [INF] Incoming Request: POST /api/Gift
2026-01-20 21:42:08.772 +02:00 [INF] CORS policy execution successful.
2026-01-20 21:42:08.773 +02:00 [INF] Executing endpoint 'projectApiAngular.Controllers.GiftController.Addgift (projectApiAngular)'
2026-01-20 21:42:08.780 +02:00 [INF] Route matched with {action = "Addgift", controller = "Gift"}. Executing controller action with signature System.Threading.Tasks.Task`1[Microsoft.AspNetCore.Mvc.IActionResult] Addgift(CreateGiftDto) on controller projectApiAngular.Controllers.GiftController (projectApiAngular).
2026-01-20 21:42:08.847 +02:00 [INF] Executed DbCommand (20ms) [Parameters=[@__gift_CategoryId_0='?' (DbType = Int32)], CommandType='"Text"', CommandTimeout='30']
SELECT CASE
    WHEN EXISTS (
        SELECT 1
        FROM [Categories] AS [c]
        WHERE [c].[Id] = @__gift_CategoryId_0) THEN CAST(1 AS bit)
    ELSE CAST(0 AS bit)
END
2026-01-20 21:42:08.865 +02:00 [INF] Executed DbCommand (7ms) [Parameters=[@__gift_DonerId_0='?' (DbType = Int32)], CommandType='"Text"', CommandTimeout='30']
SELECT CASE
    WHEN EXISTS (
        SELECT 1
        FROM [Doners] AS [d]
        WHERE [d].[Id] = @__gift_DonerId_0) THEN CAST(1 AS bit)
    ELSE CAST(0 AS bit)
END
2026-01-20 21:42:08.877 +02:00 [INF] Executed DbCommand (8ms) [Parameters=[@__gift_Name_0='?' (Size = 50)], CommandType='"Text"', CommandTimeout='30']
SELECT CASE
    WHEN EXISTS (
        SELECT 1
        FROM [Gifts] AS [g]
        WHERE [g].[Name] = @__gift_Name_0) THEN CAST(1 AS bit)
    ELSE CAST(0 AS bit)
END
2026-01-20 21:42:08.957 +02:00 [INF] Executed DbCommand (21ms) [Parameters=[@p0='?' (DbType = Int32), @p1='?' (Size = 300), @p2='?' (DbType = Int32), @p3='?' (Size = 100), @p4='?' (Size = 50), @p5='?' (DbType = Int32), @p6='?' (DbType = Int32)], CommandType='"Text"', CommandTimeout='30']
SET IMPLICIT_TRANSACTIONS OFF;
SET NOCOUNT ON;
INSERT INTO [Gifts] ([CategoryId], [Description], [DonerId], [ImagePath], [Name], [Price], [WinnerId])
OUTPUT INSERTED.[Id]
VALUES (@p0, @p1, @p2, @p3, @p4, @p5, @p6);
2026-01-20 21:42:09.027 +02:00 [INF] Executed DbCommand (5ms) [Parameters=[@__p_0='?' (DbType = Int32)], CommandType='"Text"', CommandTimeout='30']
SELECT TOP(1) [c].[Id], [c].[Name]
FROM [Categories] AS [c]
WHERE [c].[Id] = @__p_0
2026-01-20 21:42:09.039 +02:00 [INF] Executed DbCommand (4ms) [Parameters=[@__p_0='?' (DbType = Int32)], CommandType='"Text"', CommandTimeout='30']
SELECT TOP(1) [d].[Id], [d].[Email], [d].[Name], [d].[Phone]
FROM [Doners] AS [d]
WHERE [d].[Id] = @__p_0
2026-01-20 21:42:09.043 +02:00 [INF] Executing CreatedAtActionResult, writing value of type 'projectApiAngular.DTO.GiftDto+ReadGiftDto'.
2026-01-20 21:42:09.082 +02:00 [INF] Executed action projectApiAngular.Controllers.GiftController.Addgift (projectApiAngular) in 302.3868ms
2026-01-20 21:42:09.082 +02:00 [INF] Executed endpoint 'projectApiAngular.Controllers.GiftController.Addgift (projectApiAngular)'
2026-01-20 21:42:09.082 +02:00 [INF] Completed POST /api/Gift responded 201 in 309ms
2026-01-20 21:42:09.082 +02:00 [INF] Request finished HTTP/2 POST https://localhost:7097/api/Gift - 201 null application/json; charset=utf-8 313.5574ms
2026-01-20 21:42:17.015 +02:00 [INF] Request starting HTTP/2 OPTIONS https://localhost:7097/api/Donner - null null
2026-01-20 21:42:17.015 +02:00 [INF] Incoming Request: OPTIONS /api/Donner
2026-01-20 21:42:17.015 +02:00 [INF] CORS policy execution successful.
2026-01-20 21:42:17.015 +02:00 [INF] Completed OPTIONS /api/Donner responded 204 in 0ms
2026-01-20 21:42:17.015 +02:00 [INF] Request finished HTTP/2 OPTIONS https://localhost:7097/api/Donner - 204 null null 0.9733ms
2026-01-20 21:42:17.017 +02:00 [INF] Request starting HTTP/2 GET https://localhost:7097/api/Donner - null null
2026-01-20 21:42:17.018 +02:00 [INF] Incoming Request: GET /api/Donner
2026-01-20 21:42:17.018 +02:00 [INF] CORS policy execution successful.
2026-01-20 21:42:17.019 +02:00 [INF] Executing endpoint 'projectApiAngular.Controllers.DonnerController.GetAllDonners (projectApiAngular)'
2026-01-20 21:42:17.019 +02:00 [INF] Route matched with {action = "GetAllDonners", controller = "Donner"}. Executing controller action with signature System.Threading.Tasks.Task`1[Microsoft.AspNetCore.Mvc.IActionResult] GetAllDonners() on controller projectApiAngular.Controllers.DonnerController (projectApiAngular).
2026-01-20 21:42:17.024 +02:00 [INF] Executed DbCommand (3ms) [Parameters=[], CommandType='"Text"', CommandTimeout='30']
SELECT [d].[Id], [d].[Email], [d].[Name], [d].[Phone]
FROM [Doners] AS [d]
2026-01-20 21:42:17.026 +02:00 [INF] Executing OkObjectResult, writing value of type 'System.Linq.Enumerable+SelectListIterator`2[[projectApiAngular.Models.Donner, projectApiAngular, Version=1.0.0.0, Culture=neutral, PublicKeyToken=null],[projectApiAngular.DTO.DonnerDto+ReadDonnerDto, projectApiAngular, Version=1.0.0.0, Culture=neutral, PublicKeyToken=null]]'.
2026-01-20 21:42:17.027 +02:00 [INF] Executed action projectApiAngular.Controllers.DonnerController.GetAllDonners (projectApiAngular) in 7.6826ms
2026-01-20 21:42:17.027 +02:00 [INF] Executed endpoint 'projectApiAngular.Controllers.DonnerController.GetAllDonners (projectApiAngular)'
2026-01-20 21:42:17.027 +02:00 [INF] Completed GET /api/Donner responded 200 in 9ms
2026-01-20 21:42:17.027 +02:00 [INF] Request finished HTTP/2 GET https://localhost:7097/api/Donner - 200 null application/json; charset=utf-8 9.903ms
2026-01-20 21:42:18.416 +02:00 [INF] Request starting HTTP/2 OPTIONS https://localhost:7097/api/Gift - null null
2026-01-20 21:42:18.416 +02:00 [INF] Incoming Request: OPTIONS /api/Gift
2026-01-20 21:42:18.416 +02:00 [INF] CORS policy execution successful.
2026-01-20 21:42:18.416 +02:00 [INF] Completed OPTIONS /api/Gift responded 204 in 0ms
2026-01-20 21:42:18.416 +02:00 [INF] Request finished HTTP/2 OPTIONS https://localhost:7097/api/Gift - 204 null null 0.9158ms
2026-01-20 21:42:18.418 +02:00 [INF] Request starting HTTP/2 GET https://localhost:7097/api/Gift - null null
2026-01-20 21:42:18.419 +02:00 [INF] Incoming Request: GET /api/Gift
2026-01-20 21:42:18.419 +02:00 [INF] CORS policy execution successful.
2026-01-20 21:42:18.419 +02:00 [INF] Executing endpoint 'projectApiAngular.Controllers.GiftController.GetAllGifts (projectApiAngular)'
2026-01-20 21:42:18.420 +02:00 [INF] Route matched with {action = "GetAllGifts", controller = "Gift"}. Executing controller action with signature System.Threading.Tasks.Task`1[Microsoft.AspNetCore.Mvc.IActionResult] GetAllGifts() on controller projectApiAngular.Controllers.GiftController (projectApiAngular).
2026-01-20 21:42:18.420 +02:00 [INF] Request starting HTTP/2 GET https://localhost:7097/api/Donner - null null
2026-01-20 21:42:18.421 +02:00 [INF] Incoming Request: GET /api/Donner
2026-01-20 21:42:18.421 +02:00 [INF] CORS policy execution successful.
2026-01-20 21:42:18.421 +02:00 [INF] Executing endpoint 'projectApiAngular.Controllers.DonnerController.GetAllDonners (projectApiAngular)'
2026-01-20 21:42:18.421 +02:00 [INF] Route matched with {action = "GetAllDonners", controller = "Donner"}. Executing controller action with signature System.Threading.Tasks.Task`1[Microsoft.AspNetCore.Mvc.IActionResult] GetAllDonners() on controller projectApiAngular.Controllers.DonnerController (projectApiAngular).
2026-01-20 21:42:18.428 +02:00 [INF] Executed DbCommand (6ms) [Parameters=[], CommandType='"Text"', CommandTimeout='30']
SELECT [d].[Id], [d].[Email], [d].[Name], [d].[Phone]
FROM [Doners] AS [d]
2026-01-20 21:42:18.434 +02:00 [INF] Executing OkObjectResult, writing value of type 'System.Linq.Enumerable+SelectListIterator`2[[projectApiAngular.Models.Donner, projectApiAngular, Version=1.0.0.0, Culture=neutral, PublicKeyToken=null],[projectApiAngular.DTO.DonnerDto+ReadDonnerDto, projectApiAngular, Version=1.0.0.0, Culture=neutral, PublicKeyToken=null]]'.
2026-01-20 21:42:18.434 +02:00 [INF] Executed action projectApiAngular.Controllers.DonnerController.GetAllDonners (projectApiAngular) in 12.6775ms
2026-01-20 21:42:18.434 +02:00 [INF] Executed endpoint 'projectApiAngular.Controllers.DonnerController.GetAllDonners (projectApiAngular)'
2026-01-20 21:42:18.434 +02:00 [INF] Executed DbCommand (12ms) [Parameters=[], CommandType='"Text"', CommandTimeout='30']
SELECT [g].[Id], [g].[CategoryId], [g].[Description], [g].[DonerId], [g].[ImagePath], [g].[Name], [g].[Price], [g].[WinnerId], [c].[Id], [c].[Name], [d].[Id], [d].[Email], [d].[Name], [d].[Phone]
FROM [Gifts] AS [g]
INNER JOIN [Categories] AS [c] ON [g].[CategoryId] = [c].[Id]
INNER JOIN [Doners] AS [d] ON [g].[DonerId] = [d].[Id]
2026-01-20 21:42:18.440 +02:00 [INF] Completed GET /api/Donner responded 200 in 19ms
2026-01-20 21:42:18.442 +02:00 [INF] Executing OkObjectResult, writing value of type 'System.Linq.Enumerable+SelectListIterator`2[[projectApiAngular.Models.Gift, projectApiAngular, Version=1.0.0.0, Culture=neutral, PublicKeyToken=null],[projectApiAngular.DTO.GiftDto+ReadGiftDto, projectApiAngular, Version=1.0.0.0, Culture=neutral, PublicKeyToken=null]]'.
2026-01-20 21:42:18.448 +02:00 [INF] Executed action projectApiAngular.Controllers.GiftController.GetAllGifts (projectApiAngular) in 28.3856ms
2026-01-20 21:42:18.448 +02:00 [INF] Executed endpoint 'projectApiAngular.Controllers.GiftController.GetAllGifts (projectApiAngular)'
2026-01-20 21:42:18.448 +02:00 [INF] Completed GET /api/Gift responded 200 in 29ms
2026-01-20 21:42:18.455 +02:00 [INF] Request finished HTTP/2 GET https://localhost:7097/api/Gift - 200 null application/json; charset=utf-8 37.3643ms
2026-01-20 21:42:18.459 +02:00 [INF] Request finished HTTP/2 GET https://localhost:7097/api/Donner - 200 null application/json; charset=utf-8 39.484ms
